2017-05-27 19:30:01 [scrapy.utils.log] INFO: Scrapy 1.3.3 started (bot: today_weather)
2017-05-27 19:30:01 [scrapy.utils.log] INFO: Overridden settings: {'NEWSPIDER_MODULE': 'today_weather.spiders', 'SPIDER_MODULES': ['today_weather.spiders'], 'ROBOTSTXT_OBEY': True, 'BOT_NAME': 'today_weather'}
2017-05-27 19:30:01 [scrapy.middleware] INFO: Enabled extensions:
['scrapy.extensions.logstats.LogStats',
 'scrapy.extensions.telnet.TelnetConsole',
 'scrapy.extensions.corestats.CoreStats']
2017-05-27 19:30:01 [scrapy.middleware] INFO: Enabled downloader middlewares:
['scrapy.downloadermiddlewares.robotstxt.RobotsTxtMiddleware',
 'scrapy.downloadermiddlewares.httpauth.HttpAuthMiddleware',
 'scrapy.downloadermiddlewares.downloadtimeout.DownloadTimeoutMiddleware',
 'scrapy.downloadermiddlewares.defaultheaders.DefaultHeadersMiddleware',
 'scrapy.downloadermiddlewares.useragent.UserAgentMiddleware',
 'scrapy.downloadermiddlewares.retry.RetryMiddleware',
 'scrapy.downloadermiddlewares.redirect.MetaRefreshMiddleware',
 'scrapy.downloadermiddlewares.httpcompression.HttpCompressionMiddleware',
 'scrapy.downloadermiddlewares.redirect.RedirectMiddleware',
 'scrapy.downloadermiddlewares.cookies.CookiesMiddleware',
 'scrapy.downloadermiddlewares.stats.DownloaderStats']
2017-05-27 19:30:01 [scrapy.middleware] INFO: Enabled spider middlewares:
['scrapy.spidermiddlewares.httperror.HttpErrorMiddleware',
 'scrapy.spidermiddlewares.offsite.OffsiteMiddleware',
 'scrapy.spidermiddlewares.referer.RefererMiddleware',
 'scrapy.spidermiddlewares.urllength.UrlLengthMiddleware',
 'scrapy.spidermiddlewares.depth.DepthMiddleware']
2017-05-27 19:30:01 [scrapy.middleware] INFO: Enabled item pipelines:
['today_weather.pipelines.MySQLStorePipeline']
2017-05-27 19:30:01 [scrapy.core.engine] INFO: Spider opened
2017-05-27 19:30:01 [scrapy.extensions.logstats] INFO: Crawled 0 pages (at 0 pages/min), scraped 0 items (at 0 items/min)
2017-05-27 19:30:01 [scrapy.extensions.telnet] DEBUG: Telnet console listening on 127.0.0.1:6023
2017-05-27 19:30:01 [scrapy.core.engine] DEBUG: Crawled (200) <GET http://www.weather.com.cn/robots.txt> (referer: None)
2017-05-27 19:30:02 [scrapy.core.engine] DEBUG: Crawled (200) <GET http://www.weather.com.cn/weather1d/101110113.shtml> (referer: None)
2017-05-27 19:30:02 [scrapy.core.engine] DEBUG: Crawled (200) <GET http://www.weather.com.cn/weather1d/101110103.shtml> (referer: None)
2017-05-27 19:30:02 [scrapy.core.engine] DEBUG: Crawled (200) <GET http://www.weather.com.cn/weather1d/101110102.shtml> (referer: None)
2017-05-27 19:30:02 [scrapy.core.engine] DEBUG: Crawled (200) <GET http://www.weather.com.cn/weather1d/101110101.shtml> (referer: None)
test--1:[u'\nvar hour3data={"1d":["27\u65e520\u65f6,n00,\u6674,26\u2103,\u4e1c\u5317\u98ce,\u5fae\u98ce","27\u65e523\u65f6,n00,\u6674,23\u2103,\u4e1c\u5317\u98ce,\u5fae\u98ce","28\u65e502\u65f6,n00,\u6674,21\u2103,\u4e1c\u5317\u98ce,\u5fae\u98ce","28\u65e505\u65f6,n00,\u6674,19\u2103,\u4e1c\u5317\u98ce,\u5fae\u98ce","28\u65e508\u65f6,d00,\u6674,25\u2103,\u4e1c\u5317\u98ce,\u5fae\u98ce","28\u65e511\u65f6,d01,\u591a\u4e91,33\u2103,\u4e1c\u5317\u98ce,\u5fae\u98ce","28\u65e514\u65f6,d01,\u591a\u4e91,35\u2103,\u4e1c\u5317\u98ce,\u5fae\u98ce","28\u65e517\u65f6,d01,\u591a\u4e91,35\u2103,\u4e1c\u5317\u98ce,\u5fae\u98ce","28\u65e520\u65f6,n01,\u591a\u4e91,28\u2103,\u4e1c\u5317\u98ce,\u5fae\u98ce"],"23d":[["28\u65e508\u65f6,d00,\u6674,25\u2103,\u4e1c\u5317\u98ce,\u5fae\u98ce","28\u65e511\u65f6,d01,\u591a\u4e91,33\u2103,\u4e1c\u5317\u98ce,\u5fae\u98ce","28\u65e514\u65f6,d01,\u591a\u4e91,35\u2103,\u4e1c\u5317\u98ce,\u5fae\u98ce","28\u65e517\u65f6,d01,\u591a\u4e91,35\u2103,\u4e1c\u5317\u98ce,\u5fae\u98ce","28\u65e520\u65f6,n01,\u591a\u4e91,28\u2103,\u4e1c\u5317\u98ce,\u5fae\u98ce","28\u65e523\u65f6,n02,\u9634,25\u2103,\u4e1c\u5317\u98ce,\u5fae\u98ce","29\u65e502\u65f6,n02,\u9634,22\u2103,\u4e1c\u5317\u98ce,\u5fae\u98ce","29\u65e505\u65f6,n02,\u9634,20\u2103,\u4e1c\u5317\u98ce,\u5fae\u98ce"],["03\u65e508\u65f6,d02,\u9634,31\u2103,\u4e1c\u5317\u98ce,\u5fae\u98ce","03\u65e514\u65f6,d02,\u9634,33\u2103,\u4e1c\u5317\u98ce,\u5fae\u98ce","03\u65e520\u65f6,n02,\u9634,22\u2103,\u4e1c\u5317\u98ce,\u5fae\u98ce"]],"7d":[["27\u65e520\u65f6,n00,\u6674,26\u2103,\u4e1c\u5317\u98ce,\u5fae\u98ce","27\u65e523\u65f6,n00,\u6674,23\u2103,\u4e1c\u5317\u98ce,\u5fae\u98ce","28\u65e502\u65f6,n00,\u6674,21\u2103,\u4e1c\u5317\u98ce,\u5fae\u98ce","28\u65e505\u65f6,n00,\u6674,19\u2103,\u4e1c\u5317\u98ce,\u5fae\u98ce"],["28\u65e508\u65f6,d00,\u6674,25\u2103,\u4e1c\u5317\u98ce,\u5fae\u98ce","28\u65e511\u65f6,d01,\u591a\u4e91,33\u2103,\u4e1c\u5317\u98ce,\u5fae\u98ce","28\u65e514\u65f6,d01,\u591a\u4e91,35\u2103,\u4e1c\u5317\u98ce,\u5fae\u98ce","28\u65e517\u65f6,d01,\u591a\u4e91,35\u2103,\u4e1c\u5317\u98ce,\u5fae\u98ce","28\u65e520\u65f6,n01,\u591a\u4e91,28\u2103,\u4e1c\u5317\u98ce,\u5fae\u98ce","28\u65e523\u65f6,n02,\u9634,25\u2103,\u4e1c\u5317\u98ce,\u5fae\u98ce","29\u65e502\u65f6,n02,\u9634,22\u2103,\u4e1c\u5317\u98ce,\u5fae\u98ce","29\u65e505\u65f6,n02,\u9634,20\u2103,\u4e1c\u5317\u98ce,\u5fae\u98ce"],["29\u65e508\u65f6,d02,\u9634,24\u2103,\u4e1c\u5317\u98ce,\u5fae\u98ce","29\u65e511\u65f6,d03,\u9635\u96e8,29\u2103,\u4e1c\u5317\u98ce,\u5fae\u98ce","29\u65e514\u65f6,d03,\u9635\u96e8,28\u2103,\u4e1c\u5317\u98ce,\u5fae\u98ce","29\u65e517\u65f6,d03,\u9635\u96e8,25\u2103,\u4e1c\u5317\u98ce,\u5fae\u98ce","29\u65e520\u65f6,n03,\u9635\u96e8,22\u2103,\u4e1c\u5317\u98ce,\u5fae\u98ce","29\u65e523\u65f6,n02,\u9634,22\u2103,\u4e1c\u5317\u98ce,\u5fae\u98ce","30\u65e502\u65f6,n02,\u9634,21\u2103,\u4e1c\u5317\u98ce,\u5fae\u98ce","30\u65e505\u65f6,n02,\u9634,20\u2103,\u4e1c\u5317\u98ce,\u5fae\u98ce"],["30\u65e508\u65f6,d02,\u9634,26\u2103,\u4e1c\u5317\u98ce,\u5fae\u98ce","30\u65e511\u65f6,d00,\u6674,32\u2103,\u4e1c\u5317\u98ce,\u5fae\u98ce","30\u65e514\u65f6,d00,\u6674,35\u2103,\u4e1c\u5317\u98ce,\u5fae\u98ce","30\u65e517\u65f6,d00,\u6674,35\u2103,\u4e1c\u5317\u98ce,\u5fae\u98ce","30\u65e520\u65f6,n00,\u6674,30\u2103,\u4e1c\u5317\u98ce,\u5fae\u98ce","31\u65e502\u65f6,n00,\u6674,25\u2103,\u4e1c\u5317\u98ce,\u5fae\u98ce"],["31\u65e508\u65f6,d00,\u6674,26\u2103,\u4e1c\u5317\u98ce,\u5fae\u98ce","31\u65e514\u65f6,d01,\u591a\u4e91,33\u2103,\u4e1c\u5317\u98ce,\u5fae\u98ce","31\u65e520\u65f6,n01,\u591a\u4e91,29\u2103,\u4e1c\u5317\u98ce,\u5fae\u98ce","01\u65e502\u65f6,n00,\u6674,22\u2103,\u4e1c\u5317\u98ce,\u5fae\u98ce"],["01\u65e508\u65f6,d00,\u6674,22\u2103,\u4e1c\u5317\u98ce,\u5fae\u98ce","01\u65e514\u65f6,d00,\u6674,36\u2103,\u4e1c\u5317\u98ce,\u5fae\u98ce","01\u65e520\u65f6,n00,\u6674,23\u2103,\u4e1c\u5317\u98ce,\u5fae\u98ce","02\u65e502\u65f6,n01,\u591a\u4e91,26\u2103,\u4e1c\u5317\u98ce,\u5fae\u98ce"],["02\u65e508\u65f6,d01,\u591a\u4e91,28\u2103,\u4e1c\u5317\u98ce,\u5fae\u98ce","02\u2017-05-27 19:30:02 [scrapy.core.scraper] DEBUG: Scraped from <200 http://www.weather.com.cn/weather1d/101110113.shtml>
{'city_code': '101110113',
 'content': '27\xe6\x97\xa520\xe6\x97\xb6,n00,\xe6\x99\xb4,26\xe2\x84\x83,\xe4\xb8\x9c\xe5\x8c\x97\xe9\xa3\x8e,\xe5\xbe\xae\xe9\xa3\x8e'}
2017-05-27 19:30:02 [scrapy.core.scraper] DEBUG: Scraped from <200 http://www.weather.com.cn/weather1d/101110113.shtml>
{'city_code': '101110113',
 'content': '27\xe6\x97\xa523\xe6\x97\xb6,n00,\xe6\x99\xb4,23\xe2\x84\x83,\xe4\xb8\x9c\xe5\x8c\x97\xe9\xa3\x8e,\xe5\xbe\xae\xe9\xa3\x8e'}
2017-05-27 19:30:02 [scrapy.core.scraper] DEBUG: Scraped from <200 http://www.weather.com.cn/weather1d/101110113.shtml>
{'city_code': '101110113',
 'content': '28\xe6\x97\xa502\xe6\x97\xb6,n00,\xe6\x99\xb4,21\xe2\x84\x83,\xe4\xb8\x9c\xe5\x8c\x97\xe9\xa3\x8e,\xe5\xbe\xae\xe9\xa3\x8e'}
65e514\u65f6,d02,\u9634,32\u2103,\u4e1c\u5317\u98ce,\u5fae\u98ce","02\u65e520\u65f6,n02,\u9634,26\u2103,\u4e1c\u5317\u98ce,\u5fae\u98ce","03\u65e502\u65f6,n02,\u9634,32\u2103,\u4e1c\u5317\u98ce,\u5fae\u98ce"],["03\u65e508\u65f6,d02,\u9634,31\u2103,\u4e1c\u5317\u98ce,\u5fae\u98ce","03\u65e514\u65f6,d02,\u9634,33\u2103,\u4e1c\u5317\u98ce,\u5fae\u98ce","03\u65e520\u65f6,n02,\u9634,22\u2103,\u4e1c\u5317\u98ce,\u5fae\u98ce"]]}\n']
101110113:27日20时,n00,晴,26℃,东北风,微风
101110113:27日23时,n00,晴,23℃,东北风,微风
101110113:28日02时,n00,晴,21℃,东北风,微风
test--1:[u'\nvar hour3data={"1d":["27\u65e520\u65f6,n00,\u6674,24\u2103,\u4e1c\u5317\u98ce,\u5fae\u98ce","27\u65e523\u65f6,n00,\u6674,22\u2103,\u4e1c\u5317\u98ce,\u5fae\u98ce","28\u65e502\u65f6,n00,\u6674,20\u2103,\u4e1c\u5317\u98ce,\u5fae\u98ce","28\u65e505\u65f6,n00,\u6674,18\u2103,\u4e1c\u5317\u98ce,\u5fae\u98ce","28\u65e508\u65f6,d00,\u6674,24\u2103,\u4e1c\u5317\u98ce,\u5fae\u98ce","28\u65e511\u65f6,d01,\u591a\u4e91,32\u2103,\u4e1c\u5317\u98ce,\u5fae\u98ce","28\u65e514\u65f6,d01,\u591a\u4e91,35\u2103,\u4e1c\u5317\u98ce,\u5fae\u98ce","28\u65e517\u65f6,d01,\u591a\u4e91,35\u2103,\u4e1c\u5317\u98ce,\u5fae\u98ce","28\u65e520\u65f6,n01,\u591a\u4e91,27\u2103,\u4e1c\u5317\u98ce,\u5fae\u98ce"],"23d":[["28\u65e508\u65f6,d00,\u6674,24\u2103,\u4e1c\u5317\u98ce,\u5fae\u98ce","28\u65e511\u65f6,d01,\u591a\u4e91,32\u2103,\u4e1c\u5317\u98ce,\u5fae\u98ce","28\u65e514\u65f6,d01,\u591a\u4e91,35\u2103,\u4e1c\u5317\u98ce,\u5fae\u98ce","28\u65e517\u65f6,d01,\u591a\u4e91,35\u2103,\u4e1c\u5317\u98ce,\u5fae\u98ce","28\u65e520\u65f6,n01,\u591a\u4e91,27\u2103,\u4e1c\u5317\u98ce,\u5fae\u98ce","28\u65e523\u65f6,n02,\u9634,25\u2103,\u4e1c\u5317\u98ce,\u5fae\u98ce","29\u65e502\u65f6,n02,\u9634,21\u2103,\u4e1c\u5317\u98ce,\u5fae\u98ce","29\u65e505\u65f6,n02,\u9634,19\u2103,\u4e1c\u5317\u98ce,\u5fae\u98ce"],["03\u65e508\u65f6,d02,\u9634,29\u2103,\u4e1c\u5317\u98ce,\u5fae\u98ce","03\u65e514\u65f6,d02,\u9634,31\u2103,\u4e1c\u5317\u98ce,\u5fae\u98ce","03\u65e520\u65f6,n02,\u9634,20\u2103,\u4e1c\u5317\u98ce,\u5fae\u98ce"]],"7d":[["27\u65e520\u65f6,n00,\u6674,24\u2103,\u4e1c\u5317\u98ce,\u5fae\u98ce","27\u65e523\u65f6,n00,\u6674,22\u2103,\u4e1c\u5317\u98ce,\u5fae\u98ce","28\u65e502\u65f6,n00,\u6674,20\u2103,\u4e1c\u5317\u98ce,\u5fae\u98ce","28\u65e505\u65f6,n00,\u6674,18\u2103,\u4e1c\u5317\u98ce,\u5fae\u98ce"],["28\u65e508\u65f6,d00,\u6674,24\u2103,\u4e1c\u5317\u98ce,\u5fae\u98ce","28\u65e511\u65f6,d01,\u591a\u4e91,32\u2103,\u4e1c\u5317\u98ce,\u5fae\u98ce","28\u65e514\u65f6,d01,\u591a\u4e91,35\u2103,\u4e1c\u5317\u98ce,\u5fae\u98ce","28\u65e517\u65f6,d01,\u591a\u4e91,35\u2103,\u4e1c\u5317\u98ce,\u5fae\u98ce","28\u65e520\u65f6,n01,\u591a\u4e91,27\u2103,\u4e1c\u5317\u98ce,\u5fae\u98ce","28\u65e523\u65f6,n02,\u9634,25\u2103,\u4e1c\u5317\u98ce,\u5fae\u98ce","29\u65e502\u65f6,n02,\u9634,21\u2103,\u4e1c\u5317\u98ce,\u5fae\u98ce","29\u65e505\u65f6,n02,\u9634,19\u2103,\u4e1c\u5317\u98ce,\u5fae\u98ce"],["29\u65e508\u65f6,d02,\u9634,23\u2103,\u4e1c\u5317\u98ce,\u5fae\u98ce","29\u65e511\u65f6,d03,\u9635\u96e8,29\u2103,\u4e1c\u5317\u98ce,\u5fae\u98ce","29\u65e514\u65f6,d03,\u9635\u96e8,29\u2103,\u4e1c\u5317\u98ce,\u5fae\u98ce","29\u65e517\u65f6,d03,\u9635\u96e8,25\u2103,\u4e1c\u5317\u98ce,\u5fae\u98ce","29\u65e520\u65f6,n03,\u9635\u96e8,22\u2103,\u4e1c\u5317\u98ce,\u5fae\u98ce","29\u65e523\u65f6,n07,\u5c0f\u96e8,22\u2103,\u4e1c\u5317\u98ce,\u5fae\u98ce","30\u65e502\u65f6,n07,\u5c0f\u96e8,21\u2103,\u4e1c\u5317\u98ce,\u5fae\u98ce","30\u65e505\u65f6,n07,\u5c0f\u96e8,20\u2103,\u4e1c\u5317\u98ce,\u5fae\u98ce"],["30\u65e508\u65f6,d07,\u5c0f\u96e8,25\u2103,\u4e1c\u5317\u98ce,\u5fae\u98ce","30\u65e511\u65f6,d00,\u6674,30\u2103,\u4e1c\u5317\u98ce,\u5fae\u98ce","30\u65e514\u65f6,d00,\u6674,33\u2103,\u4e1c\u5317\u98ce,\u5fae\u98ce","30\u65e517\u65f6,d00,\u6674,33\u2103,\u4e1c\u5317\u98ce,\u5fae\u98ce","30\u65e520\u65f6,n00,\u6674,29\u2103,\u4e1c\u5317\u98ce,\u5fae\u98ce","31\u65e502\u65f6,n00,\u6674,23\u2103,\u4e1c\u5317\u98ce,\u5fae\u98ce"],["31\u65e508\u65f6,d00,\u6674,24\u2103,\u4e1c\u5317\u98ce,\u5fa2017-05-27 19:30:02 [scrapy.core.scraper] DEBUG: Scraped from <200 http://www.weather.com.cn/weather1d/101110103.shtml>
{'city_code': '101110103',
 'content': '27\xe6\x97\xa520\xe6\x97\xb6,n00,\xe6\x99\xb4,24\xe2\x84\x83,\xe4\xb8\x9c\xe5\x8c\x97\xe9\xa3\x8e,\xe5\xbe\xae\xe9\xa3\x8e'}
e\u98ce","31\u65e514\u65f6,d01,\u591a\u4e91,32\u2103,\u4e1c\u5317\u98ce,\u5fae\u98ce","31\u65e520\u65f6,n01,\u591a\u4e91,27\u2103,\u4e1c\u5317\u98ce,\u5fae\u98ce","01\u65e502\u65f6,n00,\u6674,21\u2103,\u4e1c\u5317\u98ce,\u5fae\u98ce"],["01\u65e508\u65f6,d00,\u6674,21\u2103,\u4e1c\u5317\u98ce,\u5fae\u98ce","01\u65e514\u65f6,d00,\u6674,35\u2103,\u4e1c\u5317\u98ce,\u5fae\u98ce","01\u65e520\u65f6,n00,\u6674,21\u2103,\u4e1c\u5317\u98ce,\u5fae\u98ce","02\u65e502\u65f6,n01,\u591a\u4e91,22\u2103,\u4e1c\u5317\u98ce,\u5fae\u98ce"],["02\u65e508\u65f6,d01,\u591a\u4e91,25\u2103,\u4e1c\u5317\u98ce,\u5fae\u98ce","02\u65e514\u65f6,d02,\u9634,31\u2103,\u4e1c\u5317\u98ce,\u5fae\u98ce","02\u65e520\u65f6,n02,\u9634,23\u2103,\u4e1c\u5317\u98ce,\u5fae\u98ce","03\u65e502\u65f6,n02,\u9634,28\u2103,\u4e1c\u5317\u98ce,\u5fae\u98ce"],["03\u65e508\u65f6,d02,\u9634,29\u2103,\u4e1c\u5317\u98ce,\u5fae\u98ce","03\u65e514\u65f6,d02,\u9634,31\u2103,\u4e1c\u5317\u98ce,\u5fae\u98ce","03\u65e520\u65f6,n02,\u9634,20\u2103,\u4e1c\u5317\u98ce,\u5fae\u98ce"]]}\n']
101110103:27日20时,n00,晴,24℃,东北风,微风
test--1:[u'\nvar hour3data={"1d":["27\u65e520\u65f6,n00,\u6674,24\u2103,\u4e1c\u5317\u98ce,\u5fae\u98ce","27\u65e523\u65f6,n00,\u6674,21\u2103,\u4e1c\u5317\u98ce,\u5fae\u98ce","28\u65e502\u65f6,n00,\u6674,19\u2103,\u4e1c\u5317\u98ce,\u5fae\u98ce","28\u65e505\u65f6,n00,\u6674,17\u2103,\u4e1c\u5317\u98ce,\u5fae\u98ce","28\u65e508\u65f6,d00,\u6674,23\u2103,\u4e1c\u5317\u98ce,\u5fae\u98ce","28\u65e511\u65f6,d01,\u591a\u4e91,33\u2103,\u4e1c\u5317\u98ce,\u5fae\u98ce","28\u65e514\u65f6,d01,\u591a\u4e91,36\u2103,\u4e1c\u5317\u98ce,\u5fae\u98ce","28\u65e517\u65f6,d01,\u591a\u4e91,35\u2103,\u4e1c\u5317\u98ce,\u5fae\u98ce","28\u65e520\u65f6,n01,\u591a\u4e91,27\u2103,\u4e1c\u5317\u98ce,\u5fae\u98ce"],"23d":[["28\u65e508\u65f6,d00,\u6674,23\u2103,\u4e1c\u5317\u98ce,\u5fae\u98ce","28\u65e511\u65f6,d01,\u591a\u4e91,33\u2103,\u4e1c\u5317\u98ce,\u5fae\u98ce","28\u65e514\u65f6,d01,\u591a\u4e91,36\u2103,\u4e1c\u5317\u98ce,\u5fae\u98ce","28\u65e517\u65f6,d01,\u591a\u4e91,35\u2103,\u4e1c\u5317\u98ce,\u5fae\u98ce","28\u65e520\u65f6,n01,\u591a\u4e91,27\u2103,\u4e1c\u5317\u98ce,\u5fae\u98ce","28\u65e523\u65f6,n02,\u9634,24\u2103,\u4e1c\u5317\u98ce,\u5fae\u98ce","29\u65e502\u65f6,n02,\u9634,21\u2103,\u4e1c\u5317\u98ce,\u5fae\u98ce","29\u65e505\u65f6,n02,\u9634,18\u2103,\u4e1c\u5317\u98ce,\u5fae\u98ce"],["03\u65e508\u65f6,d02,\u9634,30\u2103,\u4e1c\u5317\u98ce,\u5fae\u98ce","03\u65e514\u65f6,d02,\u9634,32\u2103,\u4e1c\u5317\u98ce,\u5fae\u98ce","03\u65e520\u65f6,n02,\u9634,22\u2103,\u4e1c\u5317\u98ce,\u5fae\u98ce"]],"7d":[["27\u65e520\u65f6,n00,\u6674,24\u2103,\u4e1c\u5317\u98ce,\u5fae\u98ce","27\u65e523\u65f6,n00,\u6674,21\u2103,\u4e1c\u5317\u98ce,\u5fae\u98ce","28\u65e502\u65f6,n00,\u6674,19\u2103,\u4e1c\u5317\u98ce,\u5fae\u98ce","28\u65e505\u65f6,n00,\u6674,17\u2103,\u4e1c\u5317\u98ce,\u5fae\u98ce"],["28\u65e508\u65f6,d00,\u6674,23\u2103,\u4e1c\u5317\u98ce,\u5fae\u98ce","28\u65e511\u65f6,d01,\u591a\u4e91,33\u2103,\u4e1c\u5317\u98ce,\u5fae\u98ce","28\u65e514\u65f6,d01,\u591a\u4e91,36\u2103,\u4e1c\u5317\u98ce,\u5fae\u98ce","28\u65e517\u65f6,d01,\u591a\u4e91,35\u2103,\u4e1c\u5317\u98ce,\u5fae\u98ce","28\u65e520\u65f6,n01,\u591a\u4e91,27\u2103,\u4e1c\u5317\u98ce,\u5fae\u98ce","28\u65e523\u65f6,n02,\u9634,24\u2103,\u4e1c\u5317\u98ce,\u5fae\u98ce","29\u65e502\u65f6,n02,\u9634,21\u2103,\u4e1c\u5317\u98ce,\u5fae\u98ce","29\u65e505\u65f6,n02,\u9634,18\u2103,\u4e1c\u5317\u98ce,\u5fae\u98ce"],["29\u65e508\u65f6,d02,\u9634,23\u2103,\u4e1c\u5317\u98ce,\u5fae\u98ce","29\u65e511\u65f6,d02,\u9634,28\u2103,\u4e1c\u5317\u98ce,\u5fae\u98ce","29\u65e514\u65f6,d03,\u9635\u96e8,26\u2103,\u4e1c\u5317\u98ce,\u5fae\u98ce","29\u65e517\u65f6,d02,\u9634,23\u2103,\u4e1c\u5317\u98ce,\u5fae\u98ce","29\u65e520\u65f6,n02,\u9634,21\u2103,\u4e1c\u5317\u98ce,\u5fae\u98ce","29\u65e523\u65f6,n07,\u5c0f\u96e8,20\u2103,\u4e1c\u5317\u98ce,\u5fae\u98ce","30\u65e502\u65f6,n07,\u5c0f\u96e8,19\u2103,\u4e1c\u5317\u98ce,\u5fae\u98ce","30\u65e505\u65f6,n07,\u5c0f\u96e8,19\u2103,\u4e1c\u5317\u98ce,\u5fae\u98ce"],["30\u65e2017-05-27 19:30:02 [scrapy.core.scraper] DEBUG: Scraped from <200 http://www.weather.com.cn/weather1d/101110102.shtml>
{'city_code': '101110102',
 'content': '27\xe6\x97\xa520\xe6\x97\xb6,n00,\xe6\x99\xb4,24\xe2\x84\x83,\xe4\xb8\x9c\xe5\x8c\x97\xe9\xa3\x8e,\xe5\xbe\xae\xe9\xa3\x8e'}
508\u65f6,d07,\u5c0f\u96e8,24\u2103,\u4e1c\u5317\u98ce,\u5fae\u98ce","30\u65e511\u65f6,d00,\u6674,31\u2103,\u4e1c\u5317\u98ce,\u5fae\u98ce","30\u65e514\u65f6,d00,\u6674,33\u2103,\u4e1c\u5317\u98ce,\u5fae\u98ce","30\u65e517\u65f6,d00,\u6674,34\u2103,\u4e1c\u5317\u98ce,\u5fae\u98ce","30\u65e520\u65f6,n00,\u6674,29\u2103,\u4e1c\u5317\u98ce,\u5fae\u98ce","31\u65e502\u65f6,n00,\u6674,22\u2103,\u4e1c\u5317\u98ce,\u5fae\u98ce"],["31\u65e508\u65f6,d00,\u6674,23\u2103,\u4e1c\u5317\u98ce,\u5fae\u98ce","31\u65e514\u65f6,d01,\u591a\u4e91,31\u2103,\u4e1c\u5317\u98ce,\u5fae\u98ce","31\u65e520\u65f6,n01,\u591a\u4e91,26\u2103,\u4e1c\u5317\u98ce,\u5fae\u98ce","01\u65e502\u65f6,n00,\u6674,21\u2103,\u4e1c\u5317\u98ce,\u5fae\u98ce"],["01\u65e508\u65f6,d00,\u6674,22\u2103,\u4e1c\u5317\u98ce,\u5fae\u98ce","01\u65e514\u65f6,d00,\u6674,34\u2103,\u4e1c\u5317\u98ce,\u5fae\u98ce","01\u65e520\u65f6,n00,\u6674,23\u2103,\u4e1c\u5317\u98ce,\u5fae\u98ce","02\u65e502\u65f6,n01,\u591a\u4e91,24\u2103,\u4e1c\u5317\u98ce,\u5fae\u98ce"],["02\u65e508\u65f6,d01,\u591a\u4e91,27\u2103,\u4e1c\u5317\u98ce,\u5fae\u98ce","02\u65e514\u65f6,d02,\u9634,30\u2103,\u4e1c\u5317\u98ce,\u5fae\u98ce","02\u65e520\u65f6,n02,\u9634,24\u2103,\u4e1c\u5317\u98ce,\u5fae\u98ce","03\u65e502\u65f6,n02,\u9634,30\u2103,\u4e1c\u5317\u98ce,\u5fae\u98ce"],["03\u65e508\u65f6,d02,\u9634,30\u2103,\u4e1c\u5317\u98ce,\u5fae\u98ce","03\u65e514\u65f6,d02,\u9634,32\u2103,\u4e1c\u5317\u98ce,\u5fae\u98ce","03\u65e520\u65f6,n02,\u9634,22\u2103,\u4e1c\u5317\u98ce,\u5fae\u98ce"]]}\n']
101110102:27日20时,n00,晴,24℃,东北风,微风
test--1:[u'\nvar hour3data={"1d":["27\u65e520\u65f6,n00,\u6674,26\u2103,\u4e1c\u5317\u98ce,\u5fae\u98ce,0","27\u65e523\u65f6,n00,\u6674,23\u2103,\u4e1c\u5317\u98ce,\u5fae\u98ce,0","28\u65e502\u65f6,n00,\u6674,21\u2103,\u4e1c\u5317\u98ce,\u5fae\u98ce,0","28\u65e505\u65f6,n00,\u6674,19\u2103,\u4e1c\u5317\u98ce,\u5fae\u98ce,0","28\u65e508\u65f6,d00,\u6674,25\u2103,\u4e1c\u5317\u98ce,\u5fae\u98ce,2","28\u65e511\u65f6,d01,\u591a\u4e91,33\u2103,\u4e1c\u5317\u98ce,\u5fae\u98ce,2","28\u65e514\u65f6,d01,\u591a\u4e91,35\u2103,\u4e1c\u5317\u98ce,\u5fae\u98ce,2","28\u65e517\u65f6,d01,\u591a\u4e91,35\u2103,\u4e1c\u5317\u98ce,\u5fae\u98ce,3","28\u65e520\u65f6,n01,\u591a\u4e91,28\u2103,\u4e1c\u5317\u98ce,\u5fae\u98ce,0"],"23d":[["28\u65e508\u65f6,d00,\u6674,25\u2103,\u4e1c\u5317\u98ce,\u5fae\u98ce,2","28\u65e511\u65f6,d01,\u591a\u4e91,33\u2103,\u4e1c\u5317\u98ce,\u5fae\u98ce,2","28\u65e514\u65f6,d01,\u591a\u4e91,35\u2103,\u4e1c\u5317\u98ce,\u5fae\u98ce,2","28\u65e517\u65f6,d01,\u591a\u4e91,35\u2103,\u4e1c\u5317\u98ce,\u5fae\u98ce,3","28\u65e520\u65f6,n01,\u591a\u4e91,28\u2103,\u4e1c\u5317\u98ce,\u5fae\u98ce,0","28\u65e523\u65f6,n02,\u9634,25\u2103,\u4e1c\u5317\u98ce,\u5fae\u98ce,0","29\u65e502\u65f6,n02,\u9634,22\u2103,\u4e1c\u5317\u98ce,\u5fae\u98ce,0","29\u65e505\u65f6,n02,\u9634,20\u2103,\u4e1c\u5317\u98ce,\u5fae\u98ce,0"],["03\u65e508\u65f6,d02,\u9634,31\u2103,\u4e1c\u5317\u98ce,\u5fae\u98ce,3","03\u65e514\u65f6,d02,\u9634,33\u2103,\u4e1c\u5317\u98ce,\u5fae\u98ce,3","03\u65e520\u65f6,n02,\u9634,22\u2103,\u4e1c\u5317\u98ce,\u5fae\u98ce,0"]],"7d":[["27\u65e520\u65f6,n00,\u6674,26\u2103,\u4e1c\u5317\u98ce,\u5fae\u98ce,0","27\u65e523\u65f6,n00,\u6674,23\u2103,\u4e1c\u5317\u98ce,\u5fae\u98ce,0","28\u65e502\u65f6,n00,\u6674,21\u2103,\u4e1c\u5317\u98ce,\u5fae\u98ce,0","28\u65e505\u65f6,n00,\u6674,19\u2103,\u4e1c\u5317\u98ce,\u5fae\u98ce,0"],["28\u65e508\u65f6,d00,\u6674,25\u2103,\u4e1c\u5317\u98ce,\u5fae\u98ce,2","28\u65e511\u65f6,d01,\u591a\u4e91,33\u2103,\u4e1c\u5317\u98ce,\u5fae\u98ce,2","28\u65e514\u65f6,d01,\u591a\u4e91,35\u2103,\u4e1c\u5317\u98ce,\u5fae\u98ce,2","28\u65e517\u65f6,d01,\u591a\u4e91,35\u2103,\u4e1c\u5317\u98ce,\u5fae\u98ce,3","28\u65e520\u65f6,n01,\u591a\u4e91,28\u2103,\u4e1c\u5317\u98ce,\u5fae\u98ce,0","28\u65e523\u65f6,n02,\u9634,25\u2103,\u4e1c\u5317\u98ce,\u5fae\u98ce,0","29\u65e502\u65f6,n02,\u9634,22\u2103,\u4e1c\u5317\u98ce,\u5fae\u98ce,0","29\u65e505\u65f6,n02,\u9634,20\u2103,\u4e1c\u5317\u98ce,\u5fae\u98ce,0"],["29\u65e508\u65f6,d02,\u9634,24\u2103,\u4e1c\u53172017-05-27 19:30:02 [scrapy.core.scraper] DEBUG: Scraped from <200 http://www.weather.com.cn/weather1d/101110101.shtml>
{'city_code': '101110101',
 'content': '27\xe6\x97\xa520\xe6\x97\xb6,n00,\xe6\x99\xb4,26\xe2\x84\x83,\xe4\xb8\x9c\xe5\x8c\x97\xe9\xa3\x8e,\xe5\xbe\xae\xe9\xa3\x8e,0'}
2017-05-27 19:30:02 [scrapy.core.scraper] DEBUG: Scraped from <200 http://www.weather.com.cn/weather1d/101110113.shtml>
{'city_code': '101110113',
 'content': '28\xe6\x97\xa505\xe6\x97\xb6,n00,\xe6\x99\xb4,19\xe2\x84\x83,\xe4\xb8\x9c\xe5\x8c\x97\xe9\xa3\x8e,\xe5\xbe\xae\xe9\xa3\x8e'}
2017-05-27 19:30:02 [scrapy.core.scraper] DEBUG: Scraped from <200 http://www.weather.com.cn/weather1d/101110113.shtml>
{'city_code': '101110113',
 'content': '28\xe6\x97\xa508\xe6\x97\xb6,d00,\xe6\x99\xb4,25\xe2\x84\x83,\xe4\xb8\x9c\xe5\x8c\x97\xe9\xa3\x8e,\xe5\xbe\xae\xe9\xa3\x8e'}
2017-05-27 19:30:02 [scrapy.core.scraper] DEBUG: Scraped from <200 http://www.weather.com.cn/weather1d/101110113.shtml>
{'city_code': '101110113',
 'content': '28\xe6\x97\xa511\xe6\x97\xb6,d01,\xe5\xa4\x9a\xe4\xba\x91,33\xe2\x84\x83,\xe4\xb8\x9c\xe5\x8c\x97\xe9\xa3\x8e,\xe5\xbe\xae\xe9\xa3\x8e'}
2017-05-27 19:30:02 [scrapy.core.scraper] DEBUG: Scraped from <200 http://www.weather.com.cn/weather1d/101110113.shtml>
{'city_code': '101110113',
 'content': '28\xe6\x97\xa514\xe6\x97\xb6,d01,\xe5\xa4\x9a\xe4\xba\x91,35\xe2\x84\x83,\xe4\xb8\x9c\xe5\x8c\x97\xe9\xa3\x8e,\xe5\xbe\xae\xe9\xa3\x8e'}
2017-05-27 19:30:02 [scrapy.core.scraper] DEBUG: Scraped from <200 http://www.weather.com.cn/weather1d/101110113.shtml>
{'city_code': '101110113',
 'content': '28\xe6\x97\xa517\xe6\x97\xb6,d01,\xe5\xa4\x9a\xe4\xba\x91,35\xe2\x84\x83,\xe4\xb8\x9c\xe5\x8c\x97\xe9\xa3\x8e,\xe5\xbe\xae\xe9\xa3\x8e'}
2017-05-27 19:30:02 [scrapy.core.scraper] DEBUG: Scraped from <200 http://www.weather.com.cn/weather1d/101110103.shtml>
{'city_code': '101110103',
 'content': '27\xe6\x97\xa523\xe6\x97\xb6,n00,\xe6\x99\xb4,22\xe2\x84\x83,\xe4\xb8\x9c\xe5\x8c\x97\xe9\xa3\x8e,\xe5\xbe\xae\xe9\xa3\x8e'}
2017-05-27 19:30:02 [scrapy.core.scraper] DEBUG: Scraped from <200 http://www.weather.com.cn/weather1d/101110103.shtml>
{'city_code': '101110103',
 'content': '28\xe6\x97\xa502\xe6\x97\xb6,n00,\xe6\x99\xb4,20\xe2\x84\x83,\xe4\xb8\x9c\xe5\x8c\x97\xe9\xa3\x8e,\xe5\xbe\xae\xe9\xa3\x8e'}
2017-05-27 19:30:02 [scrapy.core.scraper] DEBUG: Scraped from <200 http://www.weather.com.cn/weather1d/101110103.shtml>
{'city_code': '101110103',
 'content': '28\xe6\x97\xa505\xe6\x97\xb6,n00,\xe6\x99\xb4,18\xe2\x84\x83,\xe4\xb8\x9c\xe5\x8c\x97\xe9\xa3\x8e,\xe5\xbe\xae\xe9\xa3\x8e'}
2017-05-27 19:30:02 [scrapy.core.scraper] DEBUG: Scraped from <200 http://www.weather.com.cn/weather1d/101110103.shtml>
{'city_code': '101110103',
 'content': '28\xe6\x97\xa508\xe6\x97\xb6,d00,\xe6\x99\xb4,24\xe2\x84\x83,\xe4\xb8\x9c\xe5\x8c\x97\xe9\xa3\x8e,\xe5\xbe\xae\xe9\xa3\x8e'}
2017-05-27 19:30:02 [scrapy.core.scraper] DEBUG: Scraped from <200 http://www.weather.com.cn/weather1d/101110103.shtml>
{'city_code': '101110103',
 'content': '28\xe6\x97\xa511\xe6\x97\xb6,d01,\xe5\xa4\x9a\xe4\xba\x91,32\xe2\x84\x83,\xe4\xb8\x9c\xe5\x8c\x97\xe9\xa3\x8e,\xe5\xbe\xae\xe9\xa3\x8e'}
2017-05-27 19:30:02 [scrapy.core.scraper] DEBUG: Scraped from <200 http://www.weather.com.cn/weather1d/101110102.shtml>
{'city_code': '101110102',
 'content': '27\xe6\x97\xa523\xe6\x97\xb6,n00,\xe6\x99\xb4,21\xe2\x84\x83,\xe4\xb8\x9c\xe5\x8c\x97\xe9\xa3\x8e,\xe5\xbe\xae\xe9\xa3\x8e'}
2017-05-27 19:30:02 [scrapy.core.scraper] DEBUG: Scraped from <200 http://www.weather.com.cn/weather1d/101110102.shtml>
{'city_code': '101110102',
 'content': '28\xe6\x97\xa502\xe6\x97\xb6,n00,\xe6\x99\xb4,19\xe2\x84\x83,\xe4\xb8\x9c\xe5\x8c\x97\xe9\xa3\x8e,\xe5\xbe\xae\xe9\xa3\x8e'}
2017-05-27 19:30:02 [scrapy.core.scraper] DEBUG: Scraped from <200 http://www.weather.com.cn/weather1d/101110102.shtml>
{'city_code': '101110102',
 'content': '28\xe6\x97\xa505\xe6\x97\xb6,n00,\xe6\x99\xb4,17\xe2\x84\x83,\xe4\xb8\x9c\xe5\x8c\x97\xe9\xa3\x8e,\xe5\xbe\xae\xe9\xa3\x8e'}
2017-05-27 19:30:02 [scrapy.core.scraper] DEBUG: Scraped from <200 http://www.weather.com.cn/weather1d/101110102.shtml>
{'city_code': '101110102',
 'content': '28\xe6\x97\xa508\xe6\x97\xb6,d00,\xe6\x99\xb4,23\xe2\x84\x83,\xe4\xb8\x9c\xe5\x8c\x97\xe9\xa3\x8e,\xe5\xbe\xae\xe9\xa3\x8e'}
2017-05-27 19:30:02 [scrapy.core.scraper] DEBUG: Scraped from <200 http://www.weather.com.cn/weather1d/101110102.shtml>
{'city_code': '101110102',
 'content': '28\xe6\x97\xa511\xe6\x97\xb6,d01,\xe5\xa4\x9a\xe4\xba\x91,33\xe2\x84\x83,\xe4\xb8\x9c\xe5\x8c\x97\xe9\xa3\x8e,\xe5\xbe\xae\xe9\xa3\x8e'}
2017-05-27 19:30:02 [scrapy.core.scraper] DEBUG: Scraped from <200 http://www.weather.com.cn/weather1d/101110102.shtml>
{'city_code': '101110102',
 'content': '28\xe6\x97\xa514\xe6\x97\xb6,d01,\xe5\xa4\x9a\xe4\xba\x91,36\xe2\x84\x83,\xe4\xb8\x9c\xe5\x8c\x97\xe9\xa3\x8e,\xe5\xbe\xae\xe9\xa3\x8e'}
2017-05-27 19:30:02 [scrapy.core.scraper] DEBUG: Scraped from <200 http://www.weather.com.cn/weather1d/101110102.shtml>
{'city_code': '101110102',
 'content': '28\xe6\x97\xa517\xe6\x97\xb6,d01,\xe5\xa4\x9a\xe4\xba\x91,35\xe2\x84\x83,\xe4\xb8\x9c\xe5\x8c\x97\xe9\xa3\x8e,\xe5\xbe\xae\xe9\xa3\x8e'}
2017-05-27 19:30:02 [scrapy.core.scraper] DEBUG: Scraped from <200 http://www.weather.com.cn/weather1d/101110101.shtml>
{'city_code': '101110101',
 'content': '27\xe6\x97\xa523\xe6\x97\xb6,n00,\xe6\x99\xb4,23\xe2\x84\x83,\xe4\xb8\x9c\xe5\x8c\x97\xe9\xa3\x8e,\xe5\xbe\xae\xe9\xa3\x8e,0'}
2017-05-27 19:30:02 [scrapy.core.scraper] DEBUG: Scraped from <200 http://www.weather.com.cn/weather1d/101110101.shtml>
{'city_code': '101110101',
 'content': '28\xe6\x97\xa502\xe6\x97\xb6,n00,\xe6\x99\xb4,21\xe2\x84\x83,\xe4\xb8\x9c\xe5\x8c\x97\xe9\xa3\x8e,\xe5\xbe\xae\xe9\xa3\x8e,0'}
2017-05-27 19:30:02 [scrapy.core.scraper] DEBUG: Scraped from <200 http://www.weather.com.cn/weather1d/101110101.shtml>
{'city_code': '101110101',
 'content': '28\xe6\x97\xa505\xe6\x97\xb6,n00,\xe6\x99\xb4,19\xe2\x84\x83,\xe4\xb8\x9c\xe5\x8c\x97\xe9\xa3\x8e,\xe5\xbe\xae\xe9\xa3\x8e,0'}
2017-05-27 19:30:02 [scrapy.core.scraper] DEBUG: Scraped from <200 http://www.weather.com.cn/weather1d/101110101.shtml>
{'city_code': '101110101',
 'content': '28\xe6\x97\xa508\xe6\x97\xb6,d00,\xe6\x99\xb4,25\xe2\x84\x83,\xe4\xb8\x9c\xe5\x8c\x97\xe9\xa3\x8e,\xe5\xbe\xae\xe9\xa3\x8e,2'}
2017-05-27 19:30:02 [scrapy.core.scraper] DEBUG: Scraped from <200 http://www.weather.com.cn/weather1d/101110101.shtml>
{'city_code': '101110101',
 'content': '28\xe6\x97\xa511\xe6\x97\xb6,d01,\xe5\xa4\x9a\xe4\xba\x91,33\xe2\x84\x83,\xe4\xb8\x9c\xe5\x8c\x97\xe9\xa3\x8e,\xe5\xbe\xae\xe9\xa3\x8e,2'}
2017-05-27 19:30:02 [scrapy.core.scraper] DEBUG: Scraped from <200 http://www.weather.com.cn/weather1d/101110101.shtml>
{'city_code': '101110101',
 'content': '28\xe6\x97\xa514\xe6\x97\xb6,d01,\xe5\xa4\x9a\xe4\xba\x91,35\xe2\x84\x83,\xe4\xb8\x9c\xe5\x8c\x97\xe9\xa3\x8e,\xe5\xbe\xae\xe9\xa3\x8e,2'}
2017-05-27 19:30:02 [scrapy.core.scraper] DEBUG: Scraped from <200 http://www.weather.com.cn/weather1d/101110101.shtml>
{'city_code': '101110101',
 'content': '28\xe6\x97\xa517\xe6\x97\xb6,d01,\xe5\xa4\x9a\xe4\xba\x91,35\xe2\x84\x83,\xe4\xb8\x9c\xe5\x8c\x97\xe9\xa3\x8e,\xe5\xbe\xae\xe9\xa3\x8e,3'}
2017-05-27 19:30:02 [scrapy.core.scraper] DEBUG: Scraped from <200 http://www.weather.com.cn/weather1d/101110113.shtml>
{'city_code': '101110113',
 'content': '28\xe6\x97\xa520\xe6\x97\xb6,n01,\xe5\xa4\x9a\xe4\xba\x91,28\xe2\x84\x83,\xe4\xb8\x9c\xe5\x8c\x97\xe9\xa3\x8e,\xe5\xbe\xae\xe9\xa3\x8e'}
2017-05-27 19:30:02 [scrapy.core.scraper] DEBUG: Scraped from <200 http://www.weather.com.cn/weather1d/101110113.shtml>
{'city_code': '101110113',
 'content': '28\xe6\x97\xa523\xe6\x97\xb6,n02,\xe9\x98\xb4,25\xe2\x84\x83,\xe4\xb8\x9c\xe5\x8c\x97\xe9\xa3\x8e,\xe5\xbe\xae\xe9\xa3\x8e'}
2017-05-27 19:30:02 [scrapy.core.scraper] DEBUG: Scraped from <200 http://www.weather.com.cn/weather1d/101110113.shtml>
{'city_code': '101110113',
 'content': '29\xe6\x97\xa502\xe6\x97\xb6,n02,\xe9\x98\xb4,22\xe2\x84\x83,\xe4\xb8\x9c\xe5\x8c\x97\xe9\xa3\x8e,\xe5\xbe\xae\xe9\xa3\x8e'}
2017-05-27 19:30:02 [scrapy.core.scraper] DEBUG: Scraped from <200 http://www.weather.com.cn/weather1d/101110113.shtml>
{'city_code': '101110113',
 'content': '29\xe6\x97\xa505\xe6\x97\xb6,n02,\xe9\x98\xb4,20\xe2\x84\x83,\xe4\xb8\x9c\xe5\x8c\x97\xe9\xa3\x8e,\xe5\xbe\xae\xe9\xa3\x8e'}
2017-05-27 19:30:02 [scrapy.core.scraper] DEBUG: Scraped from <200 http://www.weather.com.cn/weather1d/101110113.shtml>
{'city_code': '101110113',
 'content': '29\xe6\x97\xa508\xe6\x97\xb6,d02,\xe9\x98\xb4,24\xe2\x84\x83,\xe4\xb8\x9c\xe5\x8c\x97\xe9\xa3\x8e,\xe5\xbe\xae\xe9\xa3\x8e'}
2017-05-27 19:30:02 [scrapy.core.scraper] DEBUG: Scraped from <200 http://www.weather.com.cn/weather1d/101110113.shtml>
{'city_code': '101110113',
 'content': '29\xe6\x97\xa511\xe6\x97\xb6,d03,\xe9\x98\xb5\xe9\x9b\xa8,29\xe2\x84\x83,\xe4\xb8\x9c\xe5\x8c\x97\xe9\xa3\x8e,\xe5\xbe\xae\xe9\xa3\x8e'}
2017-05-27 19:30:02 [scrapy.core.scraper] DEBUG: Scraped from <200 http://www.weather.com.cn/weather1d/101110103.shtml>
{'city_code': '101110103',
 'content': '28\xe6\x97\xa514\xe6\x97\xb6,d01,\xe5\xa4\x9a\xe4\xba\x91,35\xe2\x84\x83,\xe4\xb8\x9c\xe5\x8c\x97\xe9\xa3\x8e,\xe5\xbe\xae\xe9\xa3\x8e'}
2017-05-27 19:30:02 [scrapy.core.scraper] DEBUG: Scraped from <200 http://www.weather.com.cn/weather1d/101110103.shtml>
{'city_code': '101110103',
 'content': '28\xe6\x97\xa517\xe6\x97\xb6,d01,\xe5\xa4\x9a\xe4\xba\x91,35\xe2\x84\x83,\xe4\xb8\x9c\xe5\x8c\x97\xe9\xa3\x8e,\xe5\xbe\xae\xe9\xa3\x8e'}
2017-05-27 19:30:02 [scrapy.core.scraper] DEBUG: Scraped from <200 http://www.weather.com.cn/weather1d/101110103.shtml>
{'city_code': '101110103',
 'content': '28\xe6\x97\xa520\xe6\x97\xb6,n01,\xe5\xa4\x9a\xe4\xba\x91,27\xe2\x84\x83,\xe4\xb8\x9c\xe5\x8c\x97\xe9\xa3\x8e,\xe5\xbe\xae\xe9\xa3\x8e'}
2017-05-27 19:30:02 [scrapy.core.scraper] DEBUG: Scraped from <200 http://www.weather.com.cn/weather1d/101110103.shtml>
{'city_code': '101110103',
 'content': '28\xe6\x97\xa523\xe6\x97\xb6,n02,\xe9\x98\xb4,25\xe2\x84\x83,\xe4\xb8\x9c\xe5\x8c\x97\xe9\xa3\x8e,\xe5\xbe\xae\xe9\xa3\x8e'}
2017-05-27 19:30:02 [scrapy.core.scraper] DEBUG: Scraped from <200 http://www.weather.com.cn/weather1d/101110103.shtml>
{'city_code': '101110103',
 'content': '29\xe6\x97\xa502\xe6\x97\xb6,n02,\xe9\x98\xb4,21\xe2\x84\x83,\xe4\xb8\x9c\xe5\x8c\x97\xe9\xa3\x8e,\xe5\xbe\xae\xe9\xa3\x8e'}
2017-05-27 19:30:02 [scrapy.core.scraper] DEBUG: Scraped from <200 http://www.weather.com.cn/weather1d/101110103.shtml>
{'city_code': '101110103',
 'content': '29\xe6\x97\xa505\xe6\x97\xb6,n02,\xe9\x98\xb4,19\xe2\x84\x83,\xe4\xb8\x9c\xe5\x8c\x97\xe9\xa3\x8e,\xe5\xbe\xae\xe9\xa3\x8e'}
2017-05-27 19:30:02 [scrapy.core.scraper] DEBUG: Scraped from <200 http://www.weather.com.cn/weather1d/101110103.shtml>
{'city_code': '101110103',
 'content': '29\xe6\x97\xa508\xe6\x97\xb6,d02,\xe9\x98\xb4,23\xe2\x84\x83,\xe4\xb8\x9c\xe5\x8c\x97\xe9\xa3\x8e,\xe5\xbe\xae\xe9\xa3\x8e'}
\u98ce,\u5fae\u98ce,3","29\u65e511\u65f6,d03,\u9635\u96e8,29\u2103,\u4e1c\u5317\u98ce,\u5fae\u98ce,3","29\u65e514\u65f6,d03,\u9635\u96e8,28\u2103,\u4e1c\u5317\u98ce,\u5fae\u98ce,3","29\u65e517\u65f6,d03,\u9635\u96e8,25\u2103,\u4e1c\u5317\u98ce,\u5fae\u98ce,3","29\u65e520\u65f6,n03,\u9635\u96e8,22\u2103,\u4e1c\u5317\u98ce,\u5fae\u98ce,0","29\u65e523\u65f6,n02,\u9634,22\u2103,\u4e1c\u5317\u98ce,\u5fae\u98ce,0","30\u65e502\u65f6,n02,\u9634,21\u2103,\u4e1c\u5317\u98ce,\u5fae\u98ce,0","30\u65e505\u65f6,n02,\u9634,20\u2103,\u4e1c\u5317\u98ce,\u5fae\u98ce,0"],["30\u65e508\u65f6,d02,\u9634,26\u2103,\u4e1c\u5317\u98ce,\u5fae\u98ce,3","30\u65e511\u65f6,d00,\u6674,32\u2103,\u4e1c\u5317\u98ce,\u5fae\u98ce,2","30\u65e514\u65f6,d00,\u6674,35\u2103,\u4e1c\u5317\u98ce,\u5fae\u98ce,2","30\u65e517\u65f6,d00,\u6674,35\u2103,\u4e1c\u5317\u98ce,\u5fae\u98ce,2","30\u65e520\u65f6,n00,\u6674,30\u2103,\u4e1c\u5317\u98ce,\u5fae\u98ce,0","31\u65e502\u65f6,n00,\u6674,25\u2103,\u4e1c\u5317\u98ce,\u5fae\u98ce,0"],["31\u65e508\u65f6,d00,\u6674,26\u2103,\u4e1c\u5317\u98ce,\u5fae\u98ce,2","31\u65e514\u65f6,d01,\u591a\u4e91,33\u2103,\u4e1c\u5317\u98ce,\u5fae\u98ce,2","31\u65e520\u65f6,n01,\u591a\u4e91,29\u2103,\u4e1c\u5317\u98ce,\u5fae\u98ce,0","01\u65e502\u65f6,n00,\u6674,22\u2103,\u4e1c\u5317\u98ce,\u5fae\u98ce,0"],["01\u65e508\u65f6,d00,\u6674,22\u2103,\u4e1c\u5317\u98ce,\u5fae\u98ce,2","01\u65e514\u65f6,d00,\u6674,36\u2103,\u4e1c\u5317\u98ce,\u5fae\u98ce,2","01\u65e520\u65f6,n00,\u6674,23\u2103,\u4e1c\u5317\u98ce,\u5fae\u98ce,0","02\u65e502\u65f6,n01,\u591a\u4e91,26\u2103,\u4e1c\u5317\u98ce,\u5fae\u98ce,0"],["02\u65e508\u65f6,d01,\u591a\u4e91,28\u2103,\u4e1c\u5317\u98ce,\u5fae\u98ce,3","02\u65e514\u65f6,d02,\u9634,32\u2103,\u4e1c\u5317\u98ce,\u5fae\u98ce,3","02\u65e520\u65f6,n02,\u9634,26\u2103,\u4e1c\u5317\u98ce,\u5fae\u98ce,0","03\u65e502\u65f6,n02,\u9634,32\u2103,\u4e1c\u5317\u98ce,\u5fae\u98ce,0"],["03\u65e508\u65f6,d02,\u9634,31\u2103,\u4e1c\u5317\u98ce,\u5fae\u98ce,3","03\u65e514\u65f6,d02,\u9634,33\u2103,\u4e1c\u5317\u98ce,\u5fae\u98ce,3"]]}\n']
101110101:27日20时,n00,晴,26℃,东北风,微风,0
101110113:28日05时,n00,晴,19℃,东北风,微风
101110113:28日08时,d00,晴,25℃,东北风,微风
101110113:28日11时,d01,多云,33℃,东北风,微风
101110113:28日14时,d01,多云,35℃,东北风,微风
101110113:28日17时,d01,多云,35℃,东北风,微风
101110103:27日23时,n00,晴,22℃,东北风,微风
101110103:28日02时,n00,晴,20℃,东北风,微风
101110103:28日05时,n00,晴,18℃,东北风,微风
101110103:28日08时,d00,晴,24℃,东北风,微风
101110103:28日11时,d01,多云,32℃,东北风,微风
101110102:27日23时,n00,晴,21℃,东北风,微风
101110102:28日02时,n00,晴,19℃,东北风,微风
101110102:28日05时,n00,晴,17℃,东北风,微风
101110102:28日08时,d00,晴,23℃,东北风,微风
101110102:28日11时,d01,多云,33℃,东北风,微风
101110102:28日14时,d01,多云,36℃,东北风,微风
101110102:28日17时,d01,多云,35℃,东北风,微风
101110101:27日23时,n00,晴,23℃,东北风,微风,0
101110101:28日02时,n00,晴,21℃,东北风,微风,0
101110101:28日05时,n00,晴,19℃,东北风,微风,0
101110101:28日08时,d00,晴,25℃,东北风,微风,2
101110101:28日11时,d01,多云,33℃,东北风,微风,2
101110101:28日14时,d01,多云,35℃,东北风,微风,2
101110101:28日17时,d01,多云,35℃,东北风,微风,3
101110113:28日20时,n01,多云,28℃,东北风,微风
101110113:28日23时,n02,阴,25℃,东北风,微风
101110113:29日02时,n02,阴,22℃,东北风,微风
101110113:29日05时,n02,阴,20℃,东北风,微风
101110113:29日08时,d02,阴,24℃,东北风,微风
101110113:29日11时,d03,阵雨,29℃,东北风,微风
101110103:28日14时,d01,多云,35℃,东北风,微风
101110103:28日17时,d01,多云,35℃,东北风,微风
101110103:28日20时,n01,多云,27℃,东北风,微风
101110103:28日23时,n02,阴,25℃,东北风,微风
101110103:29日02时,n02,阴,21℃,东北风,微风
101110103:29日05时,n02,阴,19℃,东北风,微风
101110103:29日08时,d02,阴,23℃,东北风,微风
2017-05-27 19:30:02 [scrapy.core.scraper] DEBUG: Scraped from <200 http://www.weather.com.cn/weather1d/101110103.shtml>
{'city_code': '101110103',
 'content': '29\xe6\x97\xa511\xe6\x97\xb6,d03,\xe9\x98\xb5\xe9\x9b\xa8,29\xe2\x84\x83,\xe4\xb8\x9c\xe5\x8c\x97\xe9\xa3\x8e,\xe5\xbe\xae\xe9\xa3\x8e'}
2017-05-27 19:30:02 [scrapy.core.scraper] DEBUG: Scraped from <200 http://www.weather.com.cn/weather1d/101110102.shtml>
{'city_code': '101110102',
 'content': '28\xe6\x97\xa520\xe6\x97\xb6,n01,\xe5\xa4\x9a\xe4\xba\x91,27\xe2\x84\x83,\xe4\xb8\x9c\xe5\x8c\x97\xe9\xa3\x8e,\xe5\xbe\xae\xe9\xa3\x8e'}
2017-05-27 19:30:02 [scrapy.core.scraper] DEBUG: Scraped from <200 http://www.weather.com.cn/weather1d/101110102.shtml>
{'city_code': '101110102',
 'content': '28\xe6\x97\xa523\xe6\x97\xb6,n02,\xe9\x98\xb4,24\xe2\x84\x83,\xe4\xb8\x9c\xe5\x8c\x97\xe9\xa3\x8e,\xe5\xbe\xae\xe9\xa3\x8e'}
2017-05-27 19:30:02 [scrapy.core.scraper] DEBUG: Scraped from <200 http://www.weather.com.cn/weather1d/101110102.shtml>
{'city_code': '101110102',
 'content': '29\xe6\x97\xa502\xe6\x97\xb6,n02,\xe9\x98\xb4,21\xe2\x84\x83,\xe4\xb8\x9c\xe5\x8c\x97\xe9\xa3\x8e,\xe5\xbe\xae\xe9\xa3\x8e'}
2017-05-27 19:30:02 [scrapy.core.scraper] DEBUG: Scraped from <200 http://www.weather.com.cn/weather1d/101110102.shtml>
{'city_code': '101110102',
 'content': '29\xe6\x97\xa505\xe6\x97\xb6,n02,\xe9\x98\xb4,18\xe2\x84\x83,\xe4\xb8\x9c\xe5\x8c\x97\xe9\xa3\x8e,\xe5\xbe\xae\xe9\xa3\x8e'}
2017-05-27 19:30:02 [scrapy.core.scraper] DEBUG: Scraped from <200 http://www.weather.com.cn/weather1d/101110102.shtml>
{'city_code': '101110102',
 'content': '29\xe6\x97\xa508\xe6\x97\xb6,d02,\xe9\x98\xb4,23\xe2\x84\x83,\xe4\xb8\x9c\xe5\x8c\x97\xe9\xa3\x8e,\xe5\xbe\xae\xe9\xa3\x8e'}
2017-05-27 19:30:02 [scrapy.core.scraper] DEBUG: Scraped from <200 http://www.weather.com.cn/weather1d/101110102.shtml>
{'city_code': '101110102',
 'content': '29\xe6\x97\xa511\xe6\x97\xb6,d02,\xe9\x98\xb4,28\xe2\x84\x83,\xe4\xb8\x9c\xe5\x8c\x97\xe9\xa3\x8e,\xe5\xbe\xae\xe9\xa3\x8e'}
2017-05-27 19:30:02 [scrapy.core.scraper] DEBUG: Scraped from <200 http://www.weather.com.cn/weather1d/101110102.shtml>
{'city_code': '101110102',
 'content': '29\xe6\x97\xa514\xe6\x97\xb6,d03,\xe9\x98\xb5\xe9\x9b\xa8,26\xe2\x84\x83,\xe4\xb8\x9c\xe5\x8c\x97\xe9\xa3\x8e,\xe5\xbe\xae\xe9\xa3\x8e'}
2017-05-27 19:30:02 [scrapy.core.scraper] DEBUG: Scraped from <200 http://www.weather.com.cn/weather1d/101110101.shtml>
{'city_code': '101110101',
 'content': '28\xe6\x97\xa520\xe6\x97\xb6,n01,\xe5\xa4\x9a\xe4\xba\x91,28\xe2\x84\x83,\xe4\xb8\x9c\xe5\x8c\x97\xe9\xa3\x8e,\xe5\xbe\xae\xe9\xa3\x8e,0'}
2017-05-27 19:30:02 [scrapy.core.scraper] DEBUG: Scraped from <200 http://www.weather.com.cn/weather1d/101110101.shtml>
{'city_code': '101110101',
 'content': '28\xe6\x97\xa523\xe6\x97\xb6,n02,\xe9\x98\xb4,25\xe2\x84\x83,\xe4\xb8\x9c\xe5\x8c\x97\xe9\xa3\x8e,\xe5\xbe\xae\xe9\xa3\x8e,0'}
2017-05-27 19:30:02 [scrapy.core.scraper] DEBUG: Scraped from <200 http://www.weather.com.cn/weather1d/101110101.shtml>
{'city_code': '101110101',
 'content': '29\xe6\x97\xa502\xe6\x97\xb6,n02,\xe9\x98\xb4,22\xe2\x84\x83,\xe4\xb8\x9c\xe5\x8c\x97\xe9\xa3\x8e,\xe5\xbe\xae\xe9\xa3\x8e,0'}
2017-05-27 19:30:02 [scrapy.core.scraper] DEBUG: Scraped from <200 http://www.weather.com.cn/weather1d/101110101.shtml>
{'city_code': '101110101',
 'content': '29\xe6\x97\xa505\xe6\x97\xb6,n02,\xe9\x98\xb4,20\xe2\x84\x83,\xe4\xb8\x9c\xe5\x8c\x97\xe9\xa3\x8e,\xe5\xbe\xae\xe9\xa3\x8e,0'}
2017-05-27 19:30:02 [scrapy.core.scraper] DEBUG: Scraped from <200 http://www.weather.com.cn/weather1d/101110101.shtml>
{'city_code': '101110101',
 'content': '29\xe6\x97\xa508\xe6\x97\xb6,d02,\xe9\x98\xb4,24\xe2\x84\x83,\xe4\xb8\x9c\xe5\x8c\x97\xe9\xa3\x8e,\xe5\xbe\xae\xe9\xa3\x8e,3'}
2017-05-27 19:30:02 [scrapy.core.scraper] DEBUG: Scraped from <200 http://www.weather.com.cn/weather1d/101110101.shtml>
{'city_code': '101110101',
 'content': '29\xe6\x97\xa511\xe6\x97\xb6,d03,\xe9\x98\xb5\xe9\x9b\xa8,29\xe2\x84\x83,\xe4\xb8\x9c\xe5\x8c\x97\xe9\xa3\x8e,\xe5\xbe\xae\xe9\xa3\x8e,3'}
2017-05-27 19:30:02 [scrapy.core.scraper] DEBUG: Scraped from <200 http://www.weather.com.cn/weather1d/101110101.shtml>
{'city_code': '101110101',
 'content': '29\xe6\x97\xa514\xe6\x97\xb6,d03,\xe9\x98\xb5\xe9\x9b\xa8,28\xe2\x84\x83,\xe4\xb8\x9c\xe5\x8c\x97\xe9\xa3\x8e,\xe5\xbe\xae\xe9\xa3\x8e,3'}
2017-05-27 19:30:02 [scrapy.core.scraper] DEBUG: Scraped from <200 http://www.weather.com.cn/weather1d/101110113.shtml>
{'city_code': '101110113',
 'content': '29\xe6\x97\xa514\xe6\x97\xb6,d03,\xe9\x98\xb5\xe9\x9b\xa8,28\xe2\x84\x83,\xe4\xb8\x9c\xe5\x8c\x97\xe9\xa3\x8e,\xe5\xbe\xae\xe9\xa3\x8e'}
2017-05-27 19:30:02 [scrapy.core.scraper] DEBUG: Scraped from <200 http://www.weather.com.cn/weather1d/101110113.shtml>
{'city_code': '101110113',
 'content': '29\xe6\x97\xa517\xe6\x97\xb6,d03,\xe9\x98\xb5\xe9\x9b\xa8,25\xe2\x84\x83,\xe4\xb8\x9c\xe5\x8c\x97\xe9\xa3\x8e,\xe5\xbe\xae\xe9\xa3\x8e'}
2017-05-27 19:30:02 [scrapy.core.scraper] DEBUG: Scraped from <200 http://www.weather.com.cn/weather1d/101110113.shtml>
{'city_code': '101110113',
 'content': '29\xe6\x97\xa520\xe6\x97\xb6,n03,\xe9\x98\xb5\xe9\x9b\xa8,22\xe2\x84\x83,\xe4\xb8\x9c\xe5\x8c\x97\xe9\xa3\x8e,\xe5\xbe\xae\xe9\xa3\x8e'}
2017-05-27 19:30:02 [scrapy.core.scraper] DEBUG: Scraped from <200 http://www.weather.com.cn/weather1d/101110113.shtml>
{'city_code': '101110113',
 'content': '29\xe6\x97\xa523\xe6\x97\xb6,n02,\xe9\x98\xb4,22\xe2\x84\x83,\xe4\xb8\x9c\xe5\x8c\x97\xe9\xa3\x8e,\xe5\xbe\xae\xe9\xa3\x8e'}
2017-05-27 19:30:02 [scrapy.core.scraper] DEBUG: Scraped from <200 http://www.weather.com.cn/weather1d/101110113.shtml>
{'city_code': '101110113',
 'content': '30\xe6\x97\xa502\xe6\x97\xb6,n02,\xe9\x98\xb4,21\xe2\x84\x83,\xe4\xb8\x9c\xe5\x8c\x97\xe9\xa3\x8e,\xe5\xbe\xae\xe9\xa3\x8e'}
2017-05-27 19:30:02 [scrapy.core.scraper] DEBUG: Scraped from <200 http://www.weather.com.cn/weather1d/101110113.shtml>
{'city_code': '101110113',
 'content': '30\xe6\x97\xa505\xe6\x97\xb6,n02,\xe9\x98\xb4,20\xe2\x84\x83,\xe4\xb8\x9c\xe5\x8c\x97\xe9\xa3\x8e,\xe5\xbe\xae\xe9\xa3\x8e'}
2017-05-27 19:30:02 [scrapy.core.scraper] DEBUG: Scraped from <200 http://www.weather.com.cn/weather1d/101110113.shtml>
{'city_code': '101110113',
 'content': '30\xe6\x97\xa508\xe6\x97\xb6,d02,\xe9\x98\xb4,26\xe2\x84\x83,\xe4\xb8\x9c\xe5\x8c\x97\xe9\xa3\x8e,\xe5\xbe\xae\xe9\xa3\x8e'}
2017-05-27 19:30:02 [scrapy.core.scraper] DEBUG: Scraped from <200 http://www.weather.com.cn/weather1d/101110103.shtml>
{'city_code': '101110103',
 'content': '29\xe6\x97\xa514\xe6\x97\xb6,d03,\xe9\x98\xb5\xe9\x9b\xa8,29\xe2\x84\x83,\xe4\xb8\x9c\xe5\x8c\x97\xe9\xa3\x8e,\xe5\xbe\xae\xe9\xa3\x8e'}
2017-05-27 19:30:02 [scrapy.core.scraper] DEBUG: Scraped from <200 http://www.weather.com.cn/weather1d/101110103.shtml>
{'city_code': '101110103',
 'content': '29\xe6\x97\xa517\xe6\x97\xb6,d03,\xe9\x98\xb5\xe9\x9b\xa8,25\xe2\x84\x83,\xe4\xb8\x9c\xe5\x8c\x97\xe9\xa3\x8e,\xe5\xbe\xae\xe9\xa3\x8e'}
2017-05-27 19:30:02 [scrapy.core.scraper] DEBUG: Scraped from <200 http://www.weather.com.cn/weather1d/101110103.shtml>
{'city_code': '101110103',
 'content': '29\xe6\x97\xa520\xe6\x97\xb6,n03,\xe9\x98\xb5\xe9\x9b\xa8,22\xe2\x84\x83,\xe4\xb8\x9c\xe5\x8c\x97\xe9\xa3\x8e,\xe5\xbe\xae\xe9\xa3\x8e'}
2017-05-27 19:30:02 [scrapy.core.scraper] DEBUG: Scraped from <200 http://www.weather.com.cn/weather1d/101110103.shtml>
{'city_code': '101110103',
 'content': '29\xe6\x97\xa523\xe6\x97\xb6,n07,\xe5\xb0\x8f\xe9\x9b\xa8,22\xe2\x84\x83,\xe4\xb8\x9c\xe5\x8c\x97\xe9\xa3\x8e,\xe5\xbe\xae\xe9\xa3\x8e'}
2017-05-27 19:30:02 [scrapy.core.scraper] DEBUG: Scraped from <200 http://www.weather.com.cn/weather1d/101110103.shtml>
{'city_code': '101110103',
 'content': '30\xe6\x97\xa502\xe6\x97\xb6,n07,\xe5\xb0\x8f\xe9\x9b\xa8,21\xe2\x84\x83,\xe4\xb8\x9c\xe5\x8c\x97\xe9\xa3\x8e,\xe5\xbe\xae\xe9\xa3\x8e'}
2017-05-27 19:30:02 [scrapy.core.scraper] DEBUG: Scraped from <200 http://www.weather.com.cn/weather1d/101110103.shtml>
{'city_code': '101110103',
 'content': '30\xe6\x97\xa505\xe6\x97\xb6,n07,\xe5\xb0\x8f\xe9\x9b\xa8,20\xe2\x84\x83,\xe4\xb8\x9c\xe5\x8c\x97\xe9\xa3\x8e,\xe5\xbe\xae\xe9\xa3\x8e'}
2017-05-27 19:30:02 [scrapy.core.scraper] DEBUG: Scraped from <200 http://www.weather.com.cn/weather1d/101110103.shtml>
{'city_code': '101110103',
 'content': '30\xe6\x97\xa508\xe6\x97\xb6,d07,\xe5\xb0\x8f\xe9\x9b\xa8,25\xe2\x84\x83,\xe4\xb8\x9c\xe5\x8c\x97\xe9\xa3\x8e,\xe5\xbe\xae\xe9\xa3\x8e'}
2017-05-27 19:30:02 [scrapy.core.scraper] DEBUG: Scraped from <200 http://www.weather.com.cn/weather1d/101110103.shtml>
{'city_code': '101110103',
 'content': '30\xe6\x97\xa511\xe6\x97\xb6,d00,\xe6\x99\xb4,30\xe2\x84\x83,\xe4\xb8\x9c\xe5\x8c\x97\xe9\xa3\x8e,\xe5\xbe\xae\xe9\xa3\x8e'}
2017-05-27 19:30:02 [scrapy.core.scraper] DEBUG: Scraped from <200 http://www.weather.com.cn/weather1d/101110102.shtml>
{'city_code': '101110102',
 'content': '29\xe6\x97\xa517\xe6\x97\xb6,d02,\xe9\x98\xb4,23\xe2\x84\x83,\xe4\xb8\x9c\xe5\x8c\x97\xe9\xa3\x8e,\xe5\xbe\xae\xe9\xa3\x8e'}
2017-05-27 19:30:02 [scrapy.core.scraper] DEBUG: Scraped from <200 http://www.weather.com.cn/weather1d/101110102.shtml>
{'city_code': '101110102',
 'content': '29\xe6\x97\xa520\xe6\x97\xb6,n02,\xe9\x98\xb4,21\xe2\x84\x83,\xe4\xb8\x9c\xe5\x8c\x97\xe9\xa3\x8e,\xe5\xbe\xae\xe9\xa3\x8e'}
2017-05-27 19:30:02 [scrapy.core.scraper] DEBUG: Scraped from <200 http://www.weather.com.cn/weather1d/101110102.shtml>
{'city_code': '101110102',
 'content': '29\xe6\x97\xa523\xe6\x97\xb6,n07,\xe5\xb0\x8f\xe9\x9b\xa8,20\xe2\x84\x83,\xe4\xb8\x9c\xe5\x8c\x97\xe9\xa3\x8e,\xe5\xbe\xae\xe9\xa3\x8e'}
2017-05-27 19:30:02 [scrapy.core.scraper] DEBUG: Scraped from <200 http://www.weather.com.cn/weather1d/101110102.shtml>
{'city_code': '101110102',
 'content': '30\xe6\x97\xa502\xe6\x97\xb6,n07,\xe5\xb0\x8f\xe9\x9b\xa8,19\xe2\x84\x83,\xe4\xb8\x9c\xe5\x8c\x97\xe9\xa3\x8e,\xe5\xbe\xae\xe9\xa3\x8e'}
2017-05-27 19:30:02 [scrapy.core.scraper] DEBUG: Scraped from <200 http://www.weather.com.cn/weather1d/101110102.shtml>
{'city_code': '101110102',
 'content': '30\xe6\x97\xa505\xe6\x97\xb6,n07,\xe5\xb0\x8f\xe9\x9b\xa8,19\xe2\x84\x83,\xe4\xb8\x9c\xe5\x8c\x97\xe9\xa3\x8e,\xe5\xbe\xae\xe9\xa3\x8e'}
2017-05-27 19:30:02 [scrapy.core.scraper] DEBUG: Scraped from <200 http://www.weather.com.cn/weather1d/101110102.shtml>
{'city_code': '101110102',
 'content': '30\xe6\x97\xa508\xe6\x97\xb6,d07,\xe5\xb0\x8f\xe9\x9b\xa8,24\xe2\x84\x83,\xe4\xb8\x9c\xe5\x8c\x97\xe9\xa3\x8e,\xe5\xbe\xae\xe9\xa3\x8e'}
2017-05-27 19:30:02 [scrapy.core.scraper] DEBUG: Scraped from <200 http://www.weather.com.cn/weather1d/101110102.shtml>
{'city_code': '101110102',
 'content': '30\xe6\x97\xa511\xe6\x97\xb6,d00,\xe6\x99\xb4,31\xe2\x84\x83,\xe4\xb8\x9c\xe5\x8c\x97\xe9\xa3\x8e,\xe5\xbe\xae\xe9\xa3\x8e'}
2017-05-27 19:30:02 [scrapy.core.scraper] DEBUG: Scraped from <200 http://www.weather.com.cn/weather1d/101110102.shtml>
{'city_code': '101110102',
 'content': '30\xe6\x97\xa514\xe6\x97\xb6,d00,\xe6\x99\xb4,33\xe2\x84\x83,\xe4\xb8\x9c\xe5\x8c\x97\xe9\xa3\x8e,\xe5\xbe\xae\xe9\xa3\x8e'}
2017-05-27 19:30:02 [scrapy.core.scraper] DEBUG: Scraped from <200 http://www.weather.com.cn/weather1d/101110101.shtml>
{'city_code': '101110101',
 'content': '29\xe6\x97\xa517\xe6\x97\xb6,d03,\xe9\x98\xb5\xe9\x9b\xa8,25\xe2\x84\x83,\xe4\xb8\x9c\xe5\x8c\x97\xe9\xa3\x8e,\xe5\xbe\xae\xe9\xa3\x8e,3'}
2017-05-27 19:30:02 [scrapy.core.scraper] DEBUG: Scraped from <200 http://www.weather.com.cn/weather1d/101110101.shtml>
{'city_code': '101110101',
 'content': '29\xe6\x97\xa520\xe6\x97\xb6,n03,\xe9\x98\xb5\xe9\x9b\xa8,22\xe2\x84\x83,\xe4\xb8\x9c\xe5\x8c\x97\xe9\xa3\x8e,\xe5\xbe\xae\xe9\xa3\x8e,0'}
2017-05-27 19:30:02 [scrapy.core.scraper] DEBUG: Scraped from <200 http://www.weather.com.cn/weather1d/101110101.shtml>
{'city_code': '101110101',
 'content': '29\xe6\x97\xa523\xe6\x97\xb6,n02,\xe9\x98\xb4,22\xe2\x84\x83,\xe4\xb8\x9c\xe5\x8c\x97\xe9\xa3\x8e,\xe5\xbe\xae\xe9\xa3\x8e,0'}
2017-05-27 19:30:02 [scrapy.core.scraper] DEBUG: Scraped from <200 http://www.weather.com.cn/weather1d/101110101.shtml>
{'city_code': '101110101',
 'content': '30\xe6\x97\xa502\xe6\x97\xb6,n02,\xe9\x98\xb4,21\xe2\x84\x83,\xe4\xb8\x9c\xe5\x8c\x97\xe9\xa3\x8e,\xe5\xbe\xae\xe9\xa3\x8e,0'}
2017-05-27 19:30:02 [scrapy.core.scraper] DEBUG: Scraped from <200 http://www.weather.com.cn/weather1d/101110101.shtml>
{'city_code': '101110101',
 'content': '30\xe6\x97\xa505\xe6\x97\xb6,n02,\xe9\x98\xb4,20\xe2\x84\x83,\xe4\xb8\x9c\xe5\x8c\x97\xe9\xa3\x8e,\xe5\xbe\xae\xe9\xa3\x8e,0'}
2017-05-27 19:30:02 [scrapy.core.scraper] DEBUG: Scraped from <200 http://www.weather.com.cn/weather1d/101110101.shtml>
{'city_code': '101110101',
 'content': '30\xe6\x97\xa508\xe6\x97\xb6,d02,\xe9\x98\xb4,26\xe2\x84\x83,\xe4\xb8\x9c\xe5\x8c\x97\xe9\xa3\x8e,\xe5\xbe\xae\xe9\xa3\x8e,3'}
2017-05-27 19:30:02 [scrapy.core.scraper] DEBUG: Scraped from <200 http://www.weather.com.cn/weather1d/101110101.shtml>
{'city_code': '101110101',
 'content': '30\xe6\x97\xa511\xe6\x97\xb6,d00,\xe6\x99\xb4,32\xe2\x84\x83,\xe4\xb8\x9c\xe5\x8c\x97\xe9\xa3\x8e,\xe5\xbe\xae\xe9\xa3\x8e,2'}
2017-05-27 19:30:02 [scrapy.core.scraper] DEBUG: Scraped from <200 http://www.weather.com.cn/weather1d/101110113.shtml>
{'city_code': '101110113',
 'content': '30\xe6\x97\xa511\xe6\x97\xb6,d00,\xe6\x99\xb4,32\xe2\x84\x83,\xe4\xb8\x9c\xe5\x8c\x97\xe9\xa3\x8e,\xe5\xbe\xae\xe9\xa3\x8e'}
2017-05-27 19:30:02 [scrapy.core.scraper] DEBUG: Scraped from <200 http://www.weather.com.cn/weather1d/101110113.shtml>
{'city_code': '101110113',
 'content': '30\xe6\x97\xa514\xe6\x97\xb6,d00,\xe6\x99\xb4,35\xe2\x84\x83,\xe4\xb8\x9c\xe5\x8c\x97\xe9\xa3\x8e,\xe5\xbe\xae\xe9\xa3\x8e'}
2017-05-27 19:30:02 [scrapy.core.scraper] DEBUG: Scraped from <200 http://www.weather.com.cn/weather1d/101110113.shtml>
{'city_code': '101110113',
 'content': '30\xe6\x97\xa517\xe6\x97\xb6,d00,\xe6\x99\xb4,35\xe2\x84\x83,\xe4\xb8\x9c\xe5\x8c\x97\xe9\xa3\x8e,\xe5\xbe\xae\xe9\xa3\x8e'}
2017-05-27 19:30:02 [scrapy.core.scraper] DEBUG: Scraped from <200 http://www.weather.com.cn/weather1d/101110103.shtml>
{'city_code': '101110103',
 'content': '30\xe6\x97\xa514\xe6\x97\xb6,d00,\xe6\x99\xb4,33\xe2\x84\x83,\xe4\xb8\x9c\xe5\x8c\x97\xe9\xa3\x8e,\xe5\xbe\xae\xe9\xa3\x8e'}
2017-05-27 19:30:02 [scrapy.core.scraper] DEBUG: Scraped from <200 http://www.weather.com.cn/weather1d/101110103.shtml>
{'city_code': '101110103',
 'content': '30\xe6\x97\xa517\xe6\x97\xb6,d00,\xe6\x99\xb4,33\xe2\x84\x83,\xe4\xb8\x9c\xe5\x8c\x97\xe9\xa3\x8e,\xe5\xbe\xae\xe9\xa3\x8e'}
2017-05-27 19:30:02 [scrapy.core.scraper] DEBUG: Scraped from <200 http://www.weather.com.cn/weather1d/101110103.shtml>
{'city_code': '101110103',
 'content': '30\xe6\x97\xa520\xe6\x97\xb6,n00,\xe6\x99\xb4,29\xe2\x84\x83,\xe4\xb8\x9c\xe5\x8c\x97\xe9\xa3\x8e,\xe5\xbe\xae\xe9\xa3\x8e'}
2017-05-27 19:30:02 [scrapy.core.scraper] DEBUG: Scraped from <200 http://www.weather.com.cn/weather1d/101110103.shtml>
{'city_code': '101110103',
 'content': '31\xe6\x97\xa502\xe6\x97\xb6,n00,\xe6\x99\xb4,23\xe2\x84\x83,\xe4\xb8\x9c\xe5\x8c\x97\xe9\xa3\x8e,\xe5\xbe\xae\xe9\xa3\x8e'}
2017-05-27 19:30:02 [scrapy.core.scraper] DEBUG: Scraped from <200 http://www.weather.com.cn/weather1d/101110102.shtml>
{'city_code': '101110102',
 'content': '30\xe6\x97\xa517\xe6\x97\xb6,d00,\xe6\x99\xb4,34\xe2\x84\x83,\xe4\xb8\x9c\xe5\x8c\x97\xe9\xa3\x8e,\xe5\xbe\xae\xe9\xa3\x8e'}
2017-05-27 19:30:02 [scrapy.core.scraper] DEBUG: Scraped from <200 http://www.weather.com.cn/weather1d/101110102.shtml>
{'city_code': '101110102',
 'content': '30\xe6\x97\xa520\xe6\x97\xb6,n00,\xe6\x99\xb4,29\xe2\x84\x83,\xe4\xb8\x9c\xe5\x8c\x97\xe9\xa3\x8e,\xe5\xbe\xae\xe9\xa3\x8e'}
2017-05-27 19:30:02 [scrapy.core.scraper] DEBUG: Scraped from <200 http://www.weather.com.cn/weather1d/101110101.shtml>
{'city_code': '101110101',
 'content': '30\xe6\x97\xa514\xe6\x97\xb6,d00,\xe6\x99\xb4,35\xe2\x84\x83,\xe4\xb8\x9c\xe5\x8c\x97\xe9\xa3\x8e,\xe5\xbe\xae\xe9\xa3\x8e,2'}
2017-05-27 19:30:02 [scrapy.core.scraper] DEBUG: Scraped from <200 http://www.weather.com.cn/weather1d/101110101.shtml>
{'city_code': '101110101',
 'content': '30\xe6\x97\xa517\xe6\x97\xb6,d00,\xe6\x99\xb4,35\xe2\x84\x83,\xe4\xb8\x9c\xe5\x8c\x97\xe9\xa3\x8e,\xe5\xbe\xae\xe9\xa3\x8e,2'}
2017-05-27 19:30:02 [scrapy.core.scraper] DEBUG: Scraped from <200 http://www.weather.com.cn/weather1d/101110101.shtml>
{'city_code': '101110101',
 'content': '30\xe6\x97\xa520\xe6\x97\xb6,n00,\xe6\x99\xb4,30\xe2\x84\x83,\xe4\xb8\x9c\xe5\x8c\x97\xe9\xa3\x8e,\xe5\xbe\xae\xe9\xa3\x8e,0'}
2017-05-27 19:30:02 [scrapy.core.scraper] DEBUG: Scraped from <200 http://www.weather.com.cn/weather1d/101110101.shtml>
{'city_code': '101110101',
 'content': '31\xe6\x97\xa502\xe6\x97\xb6,n00,\xe6\x99\xb4,25\xe2\x84\x83,\xe4\xb8\x9c\xe5\x8c\x97\xe9\xa3\x8e,\xe5\xbe\xae\xe9\xa3\x8e,0'}
2017-05-27 19:30:02 [scrapy.core.scraper] DEBUG: Scraped from <200 http://www.weather.com.cn/weather1d/101110101.shtml>
{'city_code': '101110101',
 'content': '31\xe6\x97\xa508\xe6\x97\xb6,d00,\xe6\x99\xb4,26\xe2\x84\x83,\xe4\xb8\x9c\xe5\x8c\x97\xe9\xa3\x8e,\xe5\xbe\xae\xe9\xa3\x8e,2'}
2017-05-27 19:30:02 [scrapy.core.scraper] DEBUG: Scraped from <200 http://www.weather.com.cn/weather1d/101110113.shtml>
{'city_code': '101110113',
 'content': '30\xe6\x97\xa520\xe6\x97\xb6,n00,\xe6\x99\xb4,30\xe2\x84\x83,\xe4\xb8\x9c\xe5\x8c\x97\xe9\xa3\x8e,\xe5\xbe\xae\xe9\xa3\x8e'}
2017-05-27 19:30:02 [scrapy.core.scraper] DEBUG: Scraped from <200 http://www.weather.com.cn/weather1d/101110113.shtml>
{'city_code': '101110113',
 'content': '31\xe6\x97\xa502\xe6\x97\xb6,n00,\xe6\x99\xb4,25\xe2\x84\x83,\xe4\xb8\x9c\xe5\x8c\x97\xe9\xa3\x8e,\xe5\xbe\xae\xe9\xa3\x8e'}
2017-05-27 19:30:02 [scrapy.core.scraper] DEBUG: Scraped from <200 http://www.weather.com.cn/weather1d/101110113.shtml>
{'city_code': '101110113',
 'content': '31\xe6\x97\xa508\xe6\x97\xb6,d00,\xe6\x99\xb4,26\xe2\x84\x83,\xe4\xb8\x9c\xe5\x8c\x97\xe9\xa3\x8e,\xe5\xbe\xae\xe9\xa3\x8e'}
2017-05-27 19:30:02 [scrapy.core.scraper] DEBUG: Scraped from <200 http://www.weather.com.cn/weather1d/101110113.shtml>
{'city_code': '101110113',
 'content': '31\xe6\x97\xa514\xe6\x97\xb6,d01,\xe5\xa4\x9a\xe4\xba\x91,33\xe2\x84\x83,\xe4\xb8\x9c\xe5\x8c\x97\xe9\xa3\x8e,\xe5\xbe\xae\xe9\xa3\x8e'}
2017-05-27 19:30:02 [scrapy.core.scraper] DEBUG: Scraped from <200 http://www.weather.com.cn/weather1d/101110113.shtml>
{'city_code': '101110113',
 'content': '31\xe6\x97\xa520\xe6\x97\xb6,n01,\xe5\xa4\x9a\xe4\xba\x91,29\xe2\x84\x83,\xe4\xb8\x9c\xe5\x8c\x97\xe9\xa3\x8e,\xe5\xbe\xae\xe9\xa3\x8e'}
2017-05-27 19:30:02 [scrapy.core.scraper] DEBUG: Scraped from <200 http://www.weather.com.cn/weather1d/101110103.shtml>
{'city_code': '101110103',
 'content': '31\xe6\x97\xa508\xe6\x97\xb6,d00,\xe6\x99\xb4,24\xe2\x84\x83,\xe4\xb8\x9c\xe5\x8c\x97\xe9\xa3\x8e,\xe5\xbe\xae\xe9\xa3\x8e'}
2017-05-27 19:30:02 [scrapy.core.scraper] DEBUG: Scraped from <200 http://www.weather.com.cn/weather1d/101110103.shtml>
{'city_code': '101110103',
 'content': '31\xe6\x97\xa514\xe6\x97\xb6,d01,\xe5\xa4\x9a\xe4\xba\x91,32\xe2\x84\x83,\xe4\xb8\x9c\xe5\x8c\x97\xe9\xa3\x8e,\xe5\xbe\xae\xe9\xa3\x8e'}
2017-05-27 19:30:02 [scrapy.core.scraper] DEBUG: Scraped from <200 http://www.weather.com.cn/weather1d/101110103.shtml>
{'city_code': '101110103',
 'content': '31\xe6\x97\xa520\xe6\x97\xb6,n01,\xe5\xa4\x9a\xe4\xba\x91,27\xe2\x84\x83,\xe4\xb8\x9c\xe5\x8c\x97\xe9\xa3\x8e,\xe5\xbe\xae\xe9\xa3\x8e'}
2017-05-27 19:30:02 [scrapy.core.scraper] DEBUG: Scraped from <200 http://www.weather.com.cn/weather1d/101110103.shtml>
{'city_code': '101110103',
 'content': '01\xe6\x97\xa502\xe6\x97\xb6,n00,\xe6\x99\xb4,21\xe2\x84\x83,\xe4\xb8\x9c\xe5\x8c\x97\xe9\xa3\x8e,\xe5\xbe\xae\xe9\xa3\x8e'}
2017-05-27 19:30:02 [scrapy.core.scraper] DEBUG: Scraped from <200 http://www.weather.com.cn/weather1d/101110103.shtml>
{'city_code': '101110103',
 'content': '01\xe6\x97\xa508\xe6\x97\xb6,d00,\xe6\x99\xb4,21\xe2\x84\x83,\xe4\xb8\x9c\xe5\x8c\x97\xe9\xa3\x8e,\xe5\xbe\xae\xe9\xa3\x8e'}
2017-05-27 19:30:02 [scrapy.core.scraper] DEBUG: Scraped from <200 http://www.weather.com.cn/weather1d/101110103.shtml>
{'city_code': '101110103',
 'content': '01\xe6\x97\xa514\xe6\x97\xb6,d00,\xe6\x99\xb4,35\xe2\x84\x83,\xe4\xb8\x9c\xe5\x8c\x97\xe9\xa3\x8e,\xe5\xbe\xae\xe9\xa3\x8e'}
2017-05-27 19:30:02 [scrapy.core.scraper] DEBUG: Scraped from <200 http://www.weather.com.cn/weather1d/101110103.shtml>
{'city_code': '101110103',
 'content': '01\xe6\x97\xa520\xe6\x97\xb6,n00,\xe6\x99\xb4,21\xe2\x84\x83,\xe4\xb8\x9c\xe5\x8c\x97\xe9\xa3\x8e,\xe5\xbe\xae\xe9\xa3\x8e'}
2017-05-27 19:30:02 [scrapy.core.scraper] DEBUG: Scraped from <200 http://www.weather.com.cn/weather1d/101110102.shtml>
{'city_code': '101110102',
 'content': '31\xe6\x97\xa502\xe6\x97\xb6,n00,\xe6\x99\xb4,22\xe2\x84\x83,\xe4\xb8\x9c\xe5\x8c\x97\xe9\xa3\x8e,\xe5\xbe\xae\xe9\xa3\x8e'}
2017-05-27 19:30:02 [scrapy.core.scraper] DEBUG: Scraped from <200 http://www.weather.com.cn/weather1d/101110102.shtml>
{'city_code': '101110102',
 'content': '31\xe6\x97\xa508\xe6\x97\xb6,d00,\xe6\x99\xb4,23\xe2\x84\x83,\xe4\xb8\x9c\xe5\x8c\x97\xe9\xa3\x8e,\xe5\xbe\xae\xe9\xa3\x8e'}
2017-05-27 19:30:02 [scrapy.core.scraper] DEBUG: Scraped from <200 http://www.weather.com.cn/weather1d/101110102.shtml>
{'city_code': '101110102',
 'content': '31\xe6\x97\xa514\xe6\x97\xb6,d01,\xe5\xa4\x9a\xe4\xba\x91,31\xe2\x84\x83,\xe4\xb8\x9c\xe5\x8c\x97\xe9\xa3\x8e,\xe5\xbe\xae\xe9\xa3\x8e'}
2017-05-27 19:30:02 [scrapy.core.scraper] DEBUG: Scraped from <200 http://www.weather.com.cn/weather1d/101110102.shtml>
{'city_code': '101110102',
 'content': '31\xe6\x97\xa520\xe6\x97\xb6,n01,\xe5\xa4\x9a\xe4\xba\x91,26\xe2\x84\x83,\xe4\xb8\x9c\xe5\x8c\x97\xe9\xa3\x8e,\xe5\xbe\xae\xe9\xa3\x8e'}
2017-05-27 19:30:02 [scrapy.core.scraper] DEBUG: Scraped from <200 http://www.weather.com.cn/weather1d/101110102.shtml>
{'city_code': '101110102',
 'content': '01\xe6\x97\xa502\xe6\x97\xb6,n00,\xe6\x99\xb4,21\xe2\x84\x83,\xe4\xb8\x9c\xe5\x8c\x97\xe9\xa3\x8e,\xe5\xbe\xae\xe9\xa3\x8e'}
101110103:29日11时,d03,阵雨,29℃,东北风,微风
101110102:28日20时,n01,多云,27℃,东北风,微风
101110102:28日23时,n02,阴,24℃,东北风,微风
101110102:29日02时,n02,阴,21℃,东北风,微风
101110102:29日05时,n02,阴,18℃,东北风,微风
101110102:29日08时,d02,阴,23℃,东北风,微风
101110102:29日11时,d02,阴,28℃,东北风,微风
101110102:29日14时,d03,阵雨,26℃,东北风,微风
101110101:28日20时,n01,多云,28℃,东北风,微风,0
101110101:28日23时,n02,阴,25℃,东北风,微风,0
101110101:29日02时,n02,阴,22℃,东北风,微风,0
101110101:29日05时,n02,阴,20℃,东北风,微风,0
101110101:29日08时,d02,阴,24℃,东北风,微风,3
101110101:29日11时,d03,阵雨,29℃,东北风,微风,3
101110101:29日14时,d03,阵雨,28℃,东北风,微风,3
101110113:29日14时,d03,阵雨,28℃,东北风,微风
101110113:29日17时,d03,阵雨,25℃,东北风,微风
101110113:29日20时,n03,阵雨,22℃,东北风,微风
101110113:29日23时,n02,阴,22℃,东北风,微风
101110113:30日02时,n02,阴,21℃,东北风,微风
101110113:30日05时,n02,阴,20℃,东北风,微风
101110113:30日08时,d02,阴,26℃,东北风,微风
101110103:29日14时,d03,阵雨,29℃,东北风,微风
101110103:29日17时,d03,阵雨,25℃,东北风,微风
101110103:29日20时,n03,阵雨,22℃,东北风,微风
101110103:29日23时,n07,小雨,22℃,东北风,微风
101110103:30日02时,n07,小雨,21℃,东北风,微风
101110103:30日05时,n07,小雨,20℃,东北风,微风
101110103:30日08时,d07,小雨,25℃,东北风,微风
101110103:30日11时,d00,晴,30℃,东北风,微风
101110102:29日17时,d02,阴,23℃,东北风,微风
101110102:29日20时,n02,阴,21℃,东北风,微风
101110102:29日23时,n07,小雨,20℃,东北风,微风
101110102:30日02时,n07,小雨,19℃,东北风,微风
101110102:30日05时,n07,小雨,19℃,东北风,微风
101110102:30日08时,d07,小雨,24℃,东北风,微风
101110102:30日11时,d00,晴,31℃,东北风,微风
101110102:30日14时,d00,晴,33℃,东北风,微风
101110101:29日17时,d03,阵雨,25℃,东北风,微风,3
101110101:29日20时,n03,阵雨,22℃,东北风,微风,0
101110101:29日23时,n02,阴,22℃,东北风,微风,0
101110101:30日02时,n02,阴,21℃,东北风,微风,0
101110101:30日05时,n02,阴,20℃,东北风,微风,0
101110101:30日08时,d02,阴,26℃,东北风,微风,3
101110101:30日11时,d00,晴,32℃,东北风,微风,2
101110113:30日11时,d00,晴,32℃,东北风,微风
101110113:30日14时,d00,晴,35℃,东北风,微风
101110113:30日17时,d00,晴,35℃,东北风,微风
101110103:30日14时,d00,晴,33℃,东北风,微风
101110103:30日17时,d00,晴,33℃,东北风,微风
101110103:30日20时,n00,晴,29℃,东北风,微风
101110103:31日02时,n00,晴,23℃,东北风,微风
101110102:30日17时,d00,晴,34℃,东北风,微风
101110102:30日20时,n00,晴,29℃,东北风,微风
101110101:30日14时,d00,晴,35℃,东北风,微风,2
101110101:30日17时,d00,晴,35℃,东北风,微风,2
101110101:30日20时,n00,晴,30℃,东北风,微风,0
101110101:31日02时,n00,晴,25℃,东北风,微风,0
101110101:31日08时,d00,晴,26℃,东北风,微风,2
101110113:30日20时,n00,晴,30℃,东北风,微风
101110113:31日02时,n00,晴,25℃,东北风,微风
101110113:31日08时,d00,晴,26℃,东北风,微风
101110113:31日14时,d01,多云,33℃,东北风,微风
101110113:31日20时,n01,多云,29℃,东北风,微风
101110103:31日08时,d00,晴,24℃,东北风,微风
101110103:31日14时,d01,多云,32℃,东北风,微风
101110103:31日20时,n01,多云,27℃,东北风,微风
101110103:01日02时,n00,晴,21℃,东北风,微风
101110103:01日08时,d00,晴,21℃,东北风,微风
101110103:01日14时,d00,晴,35℃,东北风,微风
101110103:01日20时,n00,晴,21℃,东北风,微风
101110102:31日02时,n00,晴,22℃,东北风,微风
101110102:31日08时,d00,晴,23℃,东北风,微风
101110102:31日14时,d01,多云,31℃,东北风,微风
101110102:31日20时,n01,多云,26℃,东北风,微风
101110102:01日02时,n00,晴,21℃,东北风,微风
101110102:01日08时,d2017-05-27 19:30:02 [scrapy.core.scraper] DEBUG: Scraped from <200 http://www.weather.com.cn/weather1d/101110102.shtml>
{'city_code': '101110102',
 'content': '01\xe6\x97\xa508\xe6\x97\xb6,d00,\xe6\x99\xb4,22\xe2\x84\x83,\xe4\xb8\x9c\xe5\x8c\x97\xe9\xa3\x8e,\xe5\xbe\xae\xe9\xa3\x8e'}
2017-05-27 19:30:02 [scrapy.core.scraper] DEBUG: Scraped from <200 http://www.weather.com.cn/weather1d/101110102.shtml>
{'city_code': '101110102',
 'content': '01\xe6\x97\xa514\xe6\x97\xb6,d00,\xe6\x99\xb4,34\xe2\x84\x83,\xe4\xb8\x9c\xe5\x8c\x97\xe9\xa3\x8e,\xe5\xbe\xae\xe9\xa3\x8e'}
2017-05-27 19:30:02 [scrapy.core.scraper] DEBUG: Scraped from <200 http://www.weather.com.cn/weather1d/101110101.shtml>
{'city_code': '101110101',
 'content': '31\xe6\x97\xa514\xe6\x97\xb6,d01,\xe5\xa4\x9a\xe4\xba\x91,33\xe2\x84\x83,\xe4\xb8\x9c\xe5\x8c\x97\xe9\xa3\x8e,\xe5\xbe\xae\xe9\xa3\x8e,2'}
2017-05-27 19:30:02 [scrapy.core.scraper] DEBUG: Scraped from <200 http://www.weather.com.cn/weather1d/101110101.shtml>
{'city_code': '101110101',
 'content': '31\xe6\x97\xa520\xe6\x97\xb6,n01,\xe5\xa4\x9a\xe4\xba\x91,29\xe2\x84\x83,\xe4\xb8\x9c\xe5\x8c\x97\xe9\xa3\x8e,\xe5\xbe\xae\xe9\xa3\x8e,0'}
2017-05-27 19:30:02 [scrapy.core.scraper] DEBUG: Scraped from <200 http://www.weather.com.cn/weather1d/101110101.shtml>
{'city_code': '101110101',
 'content': '01\xe6\x97\xa502\xe6\x97\xb6,n00,\xe6\x99\xb4,22\xe2\x84\x83,\xe4\xb8\x9c\xe5\x8c\x97\xe9\xa3\x8e,\xe5\xbe\xae\xe9\xa3\x8e,0'}
2017-05-27 19:30:02 [scrapy.core.scraper] DEBUG: Scraped from <200 http://www.weather.com.cn/weather1d/101110101.shtml>
{'city_code': '101110101',
 'content': '01\xe6\x97\xa508\xe6\x97\xb6,d00,\xe6\x99\xb4,22\xe2\x84\x83,\xe4\xb8\x9c\xe5\x8c\x97\xe9\xa3\x8e,\xe5\xbe\xae\xe9\xa3\x8e,2'}
2017-05-27 19:30:02 [scrapy.core.scraper] DEBUG: Scraped from <200 http://www.weather.com.cn/weather1d/101110101.shtml>
{'city_code': '101110101',
 'content': '01\xe6\x97\xa514\xe6\x97\xb6,d00,\xe6\x99\xb4,36\xe2\x84\x83,\xe4\xb8\x9c\xe5\x8c\x97\xe9\xa3\x8e,\xe5\xbe\xae\xe9\xa3\x8e,2'}
2017-05-27 19:30:02 [scrapy.core.scraper] DEBUG: Scraped from <200 http://www.weather.com.cn/weather1d/101110101.shtml>
{'city_code': '101110101',
 'content': '01\xe6\x97\xa520\xe6\x97\xb6,n00,\xe6\x99\xb4,23\xe2\x84\x83,\xe4\xb8\x9c\xe5\x8c\x97\xe9\xa3\x8e,\xe5\xbe\xae\xe9\xa3\x8e,0'}
2017-05-27 19:30:02 [scrapy.core.scraper] DEBUG: Scraped from <200 http://www.weather.com.cn/weather1d/101110113.shtml>
{'city_code': '101110113',
 'content': '01\xe6\x97\xa502\xe6\x97\xb6,n00,\xe6\x99\xb4,22\xe2\x84\x83,\xe4\xb8\x9c\xe5\x8c\x97\xe9\xa3\x8e,\xe5\xbe\xae\xe9\xa3\x8e'}
2017-05-27 19:30:02 [scrapy.core.scraper] DEBUG: Scraped from <200 http://www.weather.com.cn/weather1d/101110113.shtml>
{'city_code': '101110113',
 'content': '01\xe6\x97\xa508\xe6\x97\xb6,d00,\xe6\x99\xb4,22\xe2\x84\x83,\xe4\xb8\x9c\xe5\x8c\x97\xe9\xa3\x8e,\xe5\xbe\xae\xe9\xa3\x8e'}
2017-05-27 19:30:02 [scrapy.core.scraper] DEBUG: Scraped from <200 http://www.weather.com.cn/weather1d/101110113.shtml>
{'city_code': '101110113',
 'content': '01\xe6\x97\xa514\xe6\x97\xb6,d00,\xe6\x99\xb4,36\xe2\x84\x83,\xe4\xb8\x9c\xe5\x8c\x97\xe9\xa3\x8e,\xe5\xbe\xae\xe9\xa3\x8e'}
2017-05-27 19:30:02 [scrapy.core.scraper] DEBUG: Scraped from <200 http://www.weather.com.cn/weather1d/101110113.shtml>
{'city_code': '101110113',
 'content': '01\xe6\x97\xa520\xe6\x97\xb6,n00,\xe6\x99\xb4,23\xe2\x84\x83,\xe4\xb8\x9c\xe5\x8c\x97\xe9\xa3\x8e,\xe5\xbe\xae\xe9\xa3\x8e'}
2017-05-27 19:30:02 [scrapy.core.scraper] DEBUG: Scraped from <200 http://www.weather.com.cn/weather1d/101110113.shtml>
{'city_code': '101110113',
 'content': '02\xe6\x97\xa502\xe6\x97\xb6,n01,\xe5\xa4\x9a\xe4\xba\x91,26\xe2\x84\x83,\xe4\xb8\x9c\xe5\x8c\x97\xe9\xa3\x8e,\xe5\xbe\xae\xe9\xa3\x8e'}
2017-05-27 19:30:02 [scrapy.core.scraper] DEBUG: Scraped from <200 http://www.weather.com.cn/weather1d/101110113.shtml>
{'city_code': '101110113',
 'content': '02\xe6\x97\xa508\xe6\x97\xb6,d01,\xe5\xa4\x9a\xe4\xba\x91,28\xe2\x84\x83,\xe4\xb8\x9c\xe5\x8c\x97\xe9\xa3\x8e,\xe5\xbe\xae\xe9\xa3\x8e'}
2017-05-27 19:30:02 [scrapy.core.scraper] DEBUG: Scraped from <200 http://www.weather.com.cn/weather1d/101110103.shtml>
{'city_code': '101110103',
 'content': '02\xe6\x97\xa502\xe6\x97\xb6,n01,\xe5\xa4\x9a\xe4\xba\x91,22\xe2\x84\x83,\xe4\xb8\x9c\xe5\x8c\x97\xe9\xa3\x8e,\xe5\xbe\xae\xe9\xa3\x8e'}
2017-05-27 19:30:02 [scrapy.core.scraper] DEBUG: Scraped from <200 http://www.weather.com.cn/weather1d/101110103.shtml>
{'city_code': '101110103',
 'content': '02\xe6\x97\xa508\xe6\x97\xb6,d01,\xe5\xa4\x9a\xe4\xba\x91,25\xe2\x84\x83,\xe4\xb8\x9c\xe5\x8c\x97\xe9\xa3\x8e,\xe5\xbe\xae\xe9\xa3\x8e'}
2017-05-27 19:30:02 [scrapy.core.scraper] DEBUG: Scraped from <200 http://www.weather.com.cn/weather1d/101110103.shtml>
{'city_code': '101110103',
 'content': '02\xe6\x97\xa514\xe6\x97\xb6,d02,\xe9\x98\xb4,31\xe2\x84\x83,\xe4\xb8\x9c\xe5\x8c\x97\xe9\xa3\x8e,\xe5\xbe\xae\xe9\xa3\x8e'}
2017-05-27 19:30:02 [scrapy.core.scraper] DEBUG: Scraped from <200 http://www.weather.com.cn/weather1d/101110102.shtml>
{'city_code': '101110102',
 'content': '01\xe6\x97\xa520\xe6\x97\xb6,n00,\xe6\x99\xb4,23\xe2\x84\x83,\xe4\xb8\x9c\xe5\x8c\x97\xe9\xa3\x8e,\xe5\xbe\xae\xe9\xa3\x8e'}
2017-05-27 19:30:02 [scrapy.core.scraper] DEBUG: Scraped from <200 http://www.weather.com.cn/weather1d/101110102.shtml>
{'city_code': '101110102',
 'content': '02\xe6\x97\xa502\xe6\x97\xb6,n01,\xe5\xa4\x9a\xe4\xba\x91,24\xe2\x84\x83,\xe4\xb8\x9c\xe5\x8c\x97\xe9\xa3\x8e,\xe5\xbe\xae\xe9\xa3\x8e'}
2017-05-27 19:30:02 [scrapy.core.scraper] DEBUG: Scraped from <200 http://www.weather.com.cn/weather1d/101110101.shtml>
{'city_code': '101110101',
 'content': '02\xe6\x97\xa502\xe6\x97\xb6,n01,\xe5\xa4\x9a\xe4\xba\x91,26\xe2\x84\x83,\xe4\xb8\x9c\xe5\x8c\x97\xe9\xa3\x8e,\xe5\xbe\xae\xe9\xa3\x8e,0'}
2017-05-27 19:30:02 [scrapy.core.scraper] DEBUG: Scraped from <200 http://www.weather.com.cn/weather1d/101110101.shtml>
{'city_code': '101110101',
 'content': '02\xe6\x97\xa508\xe6\x97\xb6,d01,\xe5\xa4\x9a\xe4\xba\x91,28\xe2\x84\x83,\xe4\xb8\x9c\xe5\x8c\x97\xe9\xa3\x8e,\xe5\xbe\xae\xe9\xa3\x8e,3'}
2017-05-27 19:30:02 [scrapy.core.scraper] DEBUG: Scraped from <200 http://www.weather.com.cn/weather1d/101110101.shtml>
{'city_code': '101110101',
 'content': '02\xe6\x97\xa514\xe6\x97\xb6,d02,\xe9\x98\xb4,32\xe2\x84\x83,\xe4\xb8\x9c\xe5\x8c\x97\xe9\xa3\x8e,\xe5\xbe\xae\xe9\xa3\x8e,3'}
2017-05-27 19:30:02 [scrapy.core.scraper] DEBUG: Scraped from <200 http://www.weather.com.cn/weather1d/101110101.shtml>
{'city_code': '101110101',
 'content': '02\xe6\x97\xa520\xe6\x97\xb6,n02,\xe9\x98\xb4,26\xe2\x84\x83,\xe4\xb8\x9c\xe5\x8c\x97\xe9\xa3\x8e,\xe5\xbe\xae\xe9\xa3\x8e,0'}
2017-05-27 19:30:02 [scrapy.core.scraper] DEBUG: Scraped from <200 http://www.weather.com.cn/weather1d/101110113.shtml>
{'city_code': '101110113',
 'content': '02\xe6\x97\xa514\xe6\x97\xb6,d02,\xe9\x98\xb4,32\xe2\x84\x83,\xe4\xb8\x9c\xe5\x8c\x97\xe9\xa3\x8e,\xe5\xbe\xae\xe9\xa3\x8e'}
2017-05-27 19:30:02 [scrapy.core.scraper] DEBUG: Scraped from <200 http://www.weather.com.cn/weather1d/101110113.shtml>
{'city_code': '101110113',
 'content': '02\xe6\x97\xa520\xe6\x97\xb6,n02,\xe9\x98\xb4,26\xe2\x84\x83,\xe4\xb8\x9c\xe5\x8c\x97\xe9\xa3\x8e,\xe5\xbe\xae\xe9\xa3\x8e'}
2017-05-27 19:30:02 [scrapy.core.scraper] DEBUG: Scraped from <200 http://www.weather.com.cn/weather1d/101110113.shtml>
{'city_code': '101110113',
 'content': '03\xe6\x97\xa502\xe6\x97\xb6,n02,\xe9\x98\xb4,32\xe2\x84\x83,\xe4\xb8\x9c\xe5\x8c\x97\xe9\xa3\x8e,\xe5\xbe\xae\xe9\xa3\x8e'}
2017-05-27 19:30:02 [scrapy.core.scraper] DEBUG: Scraped from <200 http://www.weather.com.cn/weather1d/101110113.shtml>
{'city_code': '101110113',
 'content': '03\xe6\x97\xa508\xe6\x97\xb6,d02,\xe9\x98\xb4,31\xe2\x84\x83,\xe4\xb8\x9c\xe5\x8c\x97\xe9\xa3\x8e,\xe5\xbe\xae\xe9\xa3\x8e'}
2017-05-27 19:30:02 [scrapy.core.scraper] DEBUG: Scraped from <200 http://www.weather.com.cn/weather1d/101110113.shtml>
{'city_code': '101110113',
 'content': '03\xe6\x97\xa514\xe6\x97\xb6,d02,\xe9\x98\xb4,33\xe2\x84\x83,\xe4\xb8\x9c\xe5\x8c\x97\xe9\xa3\x8e,\xe5\xbe\xae\xe9\xa3\x8e'}
2017-05-27 19:30:02 [scrapy.core.scraper] DEBUG: Scraped from <200 http://www.weather.com.cn/weather1d/101110103.shtml>
{'city_code': '101110103',
 'content': '02\xe6\x97\xa520\xe6\x97\xb6,n02,\xe9\x98\xb4,23\xe2\x84\x83,\xe4\xb8\x9c\xe5\x8c\x97\xe9\xa3\x8e,\xe5\xbe\xae\xe9\xa3\x8e'}
2017-05-27 19:30:02 [scrapy.core.scraper] DEBUG: Scraped from <200 http://www.weather.com.cn/weather1d/101110103.shtml>
{'city_code': '101110103',
 'content': '03\xe6\x97\xa502\xe6\x97\xb6,n02,\xe9\x98\xb4,28\xe2\x84\x83,\xe4\xb8\x9c\xe5\x8c\x97\xe9\xa3\x8e,\xe5\xbe\xae\xe9\xa3\x8e'}
2017-05-27 19:30:02 [scrapy.core.scraper] DEBUG: Scraped from <200 http://www.weather.com.cn/weather1d/101110103.shtml>
{'city_code': '101110103',
 'content': '03\xe6\x97\xa508\xe6\x97\xb6,d02,\xe9\x98\xb4,29\xe2\x84\x83,\xe4\xb8\x9c\xe5\x8c\x97\xe9\xa3\x8e,\xe5\xbe\xae\xe9\xa3\x8e'}
2017-05-27 19:30:02 [scrapy.core.scraper] DEBUG: Scraped from <200 http://www.weather.com.cn/weather1d/101110103.shtml>
{'city_code': '101110103',
 'content': '03\xe6\x97\xa514\xe6\x97\xb6,d02,\xe9\x98\xb4,31\xe2\x84\x83,\xe4\xb8\x9c\xe5\x8c\x97\xe9\xa3\x8e,\xe5\xbe\xae\xe9\xa3\x8e'}
2017-05-27 19:30:02 [scrapy.core.scraper] DEBUG: Scraped from <200 http://www.weather.com.cn/weather1d/101110103.shtml>
{'city_code': '101110103',
 'content': '03\xe6\x97\xa520\xe6\x97\xb6,n02,\xe9\x98\xb4,20\xe2\x84\x83,\xe4\xb8\x9c\xe5\x8c\x97\xe9\xa3\x8e,\xe5\xbe\xae\xe9\xa3\x8e'}
2017-05-27 19:30:02 [scrapy.core.scraper] DEBUG: Scraped from <200 http://www.weather.com.cn/weather1d/101110102.shtml>
{'city_code': '101110102',
 'content': '02\xe6\x97\xa508\xe6\x97\xb6,d01,\xe5\xa4\x9a\xe4\xba\x91,27\xe2\x84\x83,\xe4\xb8\x9c\xe5\x8c\x97\xe9\xa3\x8e,\xe5\xbe\xae\xe9\xa3\x8e'}
2017-05-27 19:30:02 [scrapy.core.scraper] DEBUG: Scraped from <200 http://www.weather.com.cn/weather1d/101110102.shtml>
{'city_code': '101110102',
 'content': '02\xe6\x97\xa514\xe6\x97\xb6,d02,\xe9\x98\xb4,30\xe2\x84\x83,\xe4\xb8\x9c\xe5\x8c\x97\xe9\xa3\x8e,\xe5\xbe\xae\xe9\xa3\x8e'}
2017-05-27 19:30:02 [scrapy.core.scraper] DEBUG: Scraped from <200 http://www.weather.com.cn/weather1d/101110102.shtml>
{'city_code': '101110102',
 'content': '02\xe6\x97\xa520\xe6\x97\xb6,n02,\xe9\x98\xb4,24\xe2\x84\x83,\xe4\xb8\x9c\xe5\x8c\x97\xe9\xa3\x8e,\xe5\xbe\xae\xe9\xa3\x8e'}
2017-05-27 19:30:02 [scrapy.core.scraper] DEBUG: Scraped from <200 http://www.weather.com.cn/weather1d/101110102.shtml>
{'city_code': '101110102',
 'content': '03\xe6\x97\xa502\xe6\x97\xb6,n02,\xe9\x98\xb4,30\xe2\x84\x83,\xe4\xb8\x9c\xe5\x8c\x97\xe9\xa3\x8e,\xe5\xbe\xae\xe9\xa3\x8e'}
2017-05-27 19:30:02 [scrapy.core.scraper] DEBUG: Scraped from <200 http://www.weather.com.cn/weather1d/101110102.shtml>
{'city_code': '101110102',
 'content': '03\xe6\x97\xa508\xe6\x97\xb6,d02,\xe9\x98\xb4,30\xe2\x84\x83,\xe4\xb8\x9c\xe5\x8c\x97\xe9\xa3\x8e,\xe5\xbe\xae\xe9\xa3\x8e'}
2017-05-27 19:30:02 [scrapy.core.scraper] DEBUG: Scraped from <200 http://www.weather.com.cn/weather1d/101110101.shtml>
{'city_code': '101110101',
 'content': '03\xe6\x97\xa502\xe6\x97\xb6,n02,\xe9\x98\xb4,32\xe2\x84\x83,\xe4\xb8\x9c\xe5\x8c\x97\xe9\xa3\x8e,\xe5\xbe\xae\xe9\xa3\x8e,0'}
2017-05-27 19:30:02 [scrapy.core.scraper] DEBUG: Scraped from <200 http://www.weather.com.cn/weather1d/101110101.shtml>
{'city_code': '101110101',
 'content': '03\xe6\x97\xa508\xe6\x97\xb6,d02,\xe9\x98\xb4,31\xe2\x84\x83,\xe4\xb8\x9c\xe5\x8c\x97\xe9\xa3\x8e,\xe5\xbe\xae\xe9\xa3\x8e,3'}
2017-05-27 19:30:02 [scrapy.core.scraper] DEBUG: Scraped from <200 http://www.weather.com.cn/weather1d/101110101.shtml>
{'city_code': '101110101',
 'content': '03\xe6\x97\xa514\xe6\x97\xb6,d02,\xe9\x98\xb4,33\xe2\x84\x83,\xe4\xb8\x9c\xe5\x8c\x97\xe9\xa3\x8e,\xe5\xbe\xae\xe9\xa3\x8e,3'}
2017-05-27 19:30:02 [scrapy.core.scraper] DEBUG: Scraped from <200 http://www.weather.com.cn/weather1d/101110113.shtml>
{'city_code': '101110113',
 'content': '03\xe6\x97\xa520\xe6\x97\xb6,n02,\xe9\x98\xb4,22\xe2\x84\x83,\xe4\xb8\x9c\xe5\x8c\x97\xe9\xa3\x8e,\xe5\xbe\xae\xe9\xa3\x8e'}
2017-05-27 19:30:02 [scrapy.core.scraper] DEBUG: Scraped from <200 http://www.weather.com.cn/weather1d/101110102.shtml>
{'city_code': '101110102',
 'content': '03\xe6\x97\xa514\xe6\x97\xb6,d02,\xe9\x98\xb4,32\xe2\x84\x83,\xe4\xb8\x9c\xe5\x8c\x97\xe9\xa3\x8e,\xe5\xbe\xae\xe9\xa3\x8e'}
2017-05-27 19:30:02 [scrapy.core.scraper] DEBUG: Scraped from <200 http://www.weather.com.cn/weather1d/101110102.shtml>
{'city_code': '101110102',
 'content': '03\xe6\x97\xa520\xe6\x97\xb6,n02,\xe9\x98\xb4,22\xe2\x84\x83,\xe4\xb8\x9c\xe5\x8c\x97\xe9\xa3\x8e,\xe5\xbe\xae\xe9\xa3\x8e'}
2017-05-27 19:30:02 [scrapy.core.engine] INFO: Closing spider (finished)
2017-05-27 19:30:02 [scrapy.statscollectors] INFO: Dumping Scrapy stats:
{'downloader/request_bytes': 1190,
 'downloader/request_count': 5,
 'downloader/request_method_count/GET': 5,
 'downloader/response_bytes': 92686,
 'downloader/response_count': 5,
 'downloader/response_status_count/200': 5,
 'finish_reason': 'finished',
 'finish_time': datetime.datetime(2017, 5, 27, 11, 30, 2, 553809),
 'item_scraped_count': 163,
 'log_count/DEBUG': 169,
 'log_count/INFO': 7,
 'response_received_count': 5,
 'scheduler/dequeued': 4,
 'scheduler/dequeued/memory': 4,
 'scheduler/enqueued': 4,
 'scheduler/enqueued/memory': 4,
 'start_time': datetime.datetime(2017, 5, 27, 11, 30, 1, 617652)}
2017-05-27 19:30:02 [scrapy.core.engine] INFO: Spider closed (finished)
00,晴,22℃,东北风,微风
101110102:01日14时,d00,晴,34℃,东北风,微风
101110101:31日14时,d01,多云,33℃,东北风,微风,2
101110101:31日20时,n01,多云,29℃,东北风,微风,0
101110101:01日02时,n00,晴,22℃,东北风,微风,0
101110101:01日08时,d00,晴,22℃,东北风,微风,2
101110101:01日14时,d00,晴,36℃,东北风,微风,2
101110101:01日20时,n00,晴,23℃,东北风,微风,0
101110113:01日02时,n00,晴,22℃,东北风,微风
101110113:01日08时,d00,晴,22℃,东北风,微风
101110113:01日14时,d00,晴,36℃,东北风,微风
101110113:01日20时,n00,晴,23℃,东北风,微风
101110113:02日02时,n01,多云,26℃,东北风,微风
101110113:02日08时,d01,多云,28℃,东北风,微风
101110103:02日02时,n01,多云,22℃,东北风,微风
101110103:02日08时,d01,多云,25℃,东北风,微风
101110103:02日14时,d02,阴,31℃,东北风,微风
101110102:01日20时,n00,晴,23℃,东北风,微风
101110102:02日02时,n01,多云,24℃,东北风,微风
101110101:02日02时,n01,多云,26℃,东北风,微风,0
101110101:02日08时,d01,多云,28℃,东北风,微风,3
101110101:02日14时,d02,阴,32℃,东北风,微风,3
101110101:02日20时,n02,阴,26℃,东北风,微风,0
101110113:02日14时,d02,阴,32℃,东北风,微风
101110113:02日20时,n02,阴,26℃,东北风,微风
101110113:03日02时,n02,阴,32℃,东北风,微风
101110113:03日08时,d02,阴,31℃,东北风,微风
101110113:03日14时,d02,阴,33℃,东北风,微风
101110103:02日20时,n02,阴,23℃,东北风,微风
101110103:03日02时,n02,阴,28℃,东北风,微风
101110103:03日08时,d02,阴,29℃,东北风,微风
101110103:03日14时,d02,阴,31℃,东北风,微风
101110103:03日20时,n02,阴,20℃,东北风,微风
101110102:02日08时,d01,多云,27℃,东北风,微风
101110102:02日14时,d02,阴,30℃,东北风,微风
101110102:02日20时,n02,阴,24℃,东北风,微风
101110102:03日02时,n02,阴,30℃,东北风,微风
101110102:03日08时,d02,阴,30℃,东北风,微风
101110101:03日02时,n02,阴,32℃,东北风,微风,0
101110101:03日08时,d02,阴,31℃,东北风,微风,3
101110101:03日14时,d02,阴,33℃,东北风,微风,3
101110113:03日20时,n02,阴,22℃,东北风,微风
101110102:03日14时,d02,阴,32℃,东北风,微风
101110102:03日20时,n02,阴,22℃,东北风,微风
